This file contains any messages produced by compilers while
running configure, to aid debugging if configure makes a mistake.

It was created by mptc configure 0.0.1, which was
generated by GNU Autoconf 2.61.  Invocation command line was

  $ ./configure 

## --------- ##
## Platform. ##
## --------- ##

hostname = cocoduo
uname -m = i686
uname -r = 2.6.22-14-generic
uname -s = Linux
uname -v = #1 SMP Tue Feb 12 07:42:25 UTC 2008

/usr/bin/uname -p = unknown
/bin/uname -X     = unknown

/bin/arch              = unknown
/usr/bin/arch -k       = unknown
/usr/convex/getsysinfo = unknown
/usr/bin/hostinfo      = unknown
/bin/machine           = unknown
/usr/bin/oslevel       = unknown
/bin/universe          = unknown

PATH: /home/djdeath/bin
PATH: /usr/local/sbin
PATH: /usr/local/bin
PATH: /usr/sbin
PATH: /usr/bin
PATH: /sbin
PATH: /bin
PATH: /usr/games


## ----------- ##
## Core tests. ##
## ----------- ##

configure:1785: checking for a BSD-compatible install
configure:1841: result: /usr/bin/install -c
configure:1852: checking whether build environment is sane
configure:1895: result: yes
configure:1923: checking for a thread-safe mkdir -p
configure:1962: result: /bin/mkdir -p
configure:1975: checking for gawk
configure:1991: found /usr/bin/gawk
configure:2002: result: gawk
configure:2013: checking whether make sets $(MAKE)
configure:2034: result: yes
configure:2274: checking for gcc
configure:2290: found /usr/bin/gcc
configure:2301: result: gcc
configure:2539: checking for C compiler version
configure:2546: gcc --version >&5
gcc (GCC) 4.1.3 20070929 (prerelease) (Ubuntu 4.1.2-16ubuntu2)
Copyright (C) 2006 Free Software Foundation, Inc.
This is free software; see the source for copying conditions.  There is NO
warranty; not even for MERCHANTABILITY or FITNESS FOR A PARTICULAR PURPOSE.

configure:2549: $? = 0
configure:2556: gcc -v >&5
Using built-in specs.
Target: i486-linux-gnu
Configured with: ../src/configure -v --enable-languages=c,c++,fortran,objc,obj-c++,treelang --prefix=/usr --enable-shared --with-system-zlib --libexecdir=/usr/lib --without-included-gettext --enable-threads=posix --enable-nls --with-gxx-include-dir=/usr/include/c++/4.1.3 --program-suffix=-4.1 --enable-__cxa_atexit --enable-clocale=gnu --enable-libstdcxx-debug --enable-mpfr --enable-checking=release i486-linux-gnu
Thread model: posix
gcc version 4.1.3 20070929 (prerelease) (Ubuntu 4.1.2-16ubuntu2)
configure:2559: $? = 0
configure:2566: gcc -V >&5
gcc: '-V' option must have argument
configure:2569: $? = 1
configure:2592: checking for C compiler default output file name
configure:2619: gcc    conftest.c  >&5
configure:2622: $? = 0
configure:2660: result: a.out
configure:2677: checking whether the C compiler works
configure:2687: ./a.out
configure:2690: $? = 0
configure:2707: result: yes
configure:2714: checking whether we are cross compiling
configure:2716: result: no
configure:2719: checking for suffix of executables
configure:2726: gcc -o conftest    conftest.c  >&5
configure:2729: $? = 0
configure:2753: result: 
configure:2759: checking for suffix of object files
configure:2785: gcc -c   conftest.c >&5
configure:2788: $? = 0
configure:2811: result: o
configure:2815: checking whether we are using the GNU C compiler
configure:2844: gcc -c   conftest.c >&5
configure:2850: $? = 0
configure:2867: result: yes
configure:2872: checking whether gcc accepts -g
configure:2902: gcc -c -g  conftest.c >&5
configure:2908: $? = 0
configure:3007: result: yes
configure:3024: checking for gcc option to accept ISO C89
configure:3098: gcc  -c -g -O2  conftest.c >&5
configure:3104: $? = 0
configure:3127: result: none needed
configure:3156: checking for style of include used by make
configure:3184: result: GNU
configure:3209: checking dependency style of gcc
configure:3300: result: gcc3
configure:3363: checking for gcc
configure:3390: result: gcc
configure:3628: checking for C compiler version
configure:3635: gcc --version >&5
gcc (GCC) 4.1.3 20070929 (prerelease) (Ubuntu 4.1.2-16ubuntu2)
Copyright (C) 2006 Free Software Foundation, Inc.
This is free software; see the source for copying conditions.  There is NO
warranty; not even for MERCHANTABILITY or FITNESS FOR A PARTICULAR PURPOSE.

configure:3638: $? = 0
configure:3645: gcc -v >&5
Using built-in specs.
Target: i486-linux-gnu
Configured with: ../src/configure -v --enable-languages=c,c++,fortran,objc,obj-c++,treelang --prefix=/usr --enable-shared --with-system-zlib --libexecdir=/usr/lib --without-included-gettext --enable-threads=posix --enable-nls --with-gxx-include-dir=/usr/include/c++/4.1.3 --program-suffix=-4.1 --enable-__cxa_atexit --enable-clocale=gnu --enable-libstdcxx-debug --enable-mpfr --enable-checking=release i486-linux-gnu
Thread model: posix
gcc version 4.1.3 20070929 (prerelease) (Ubuntu 4.1.2-16ubuntu2)
configure:3648: $? = 0
configure:3655: gcc -V >&5
gcc: '-V' option must have argument
configure:3658: $? = 1
configure:3661: checking whether we are using the GNU C compiler
configure:3713: result: yes
configure:3718: checking whether gcc accepts -g
configure:3853: result: yes
configure:3870: checking for gcc option to accept ISO C89
configure:3973: result: none needed
configure:3993: checking dependency style of gcc
configure:4084: result: gcc3
configure:4115: checking for a BSD-compatible install
configure:4171: result: /usr/bin/install -c
configure:4182: checking whether make sets $(MAKE)
configure:4203: result: yes
configure:4221: checking how to run the C preprocessor
configure:4261: gcc -E  conftest.c
configure:4267: $? = 0
configure:4298: gcc -E  conftest.c
conftest.c:10:28: error: ac_nonexistent.h: No such file or directory
configure:4304: $? = 1
configure: failed program was:
| /* confdefs.h.  */
| #define PACKAGE_NAME "mptc"
| #define PACKAGE_TARNAME "mptc"
| #define PACKAGE_VERSION "0.0.1"
| #define PACKAGE_STRING "mptc 0.0.1"
| #define PACKAGE_BUGREPORT ""
| #define PACKAGE "mptc"
| #define VERSION "0.0.1"
| /* end confdefs.h.  */
| #include <ac_nonexistent.h>
configure:4337: result: gcc -E
configure:4366: gcc -E  conftest.c
configure:4372: $? = 0
configure:4403: gcc -E  conftest.c
conftest.c:10:28: error: ac_nonexistent.h: No such file or directory
configure:4409: $? = 1
configure: failed program was:
| /* confdefs.h.  */
| #define PACKAGE_NAME "mptc"
| #define PACKAGE_TARNAME "mptc"
| #define PACKAGE_VERSION "0.0.1"
| #define PACKAGE_STRING "mptc 0.0.1"
| #define PACKAGE_BUGREPORT ""
| #define PACKAGE "mptc"
| #define VERSION "0.0.1"
| /* end confdefs.h.  */
| #include <ac_nonexistent.h>
configure:4447: checking for grep that handles long lines and -e
configure:4521: result: /bin/grep
configure:4526: checking for egrep
configure:4604: result: /bin/grep -E
configure:4609: checking for ANSI C header files
configure:4639: gcc -c -g -O2  conftest.c >&5
configure:4645: $? = 0
configure:4744: gcc -o conftest -g -O2   conftest.c  >&5
configure:4747: $? = 0
configure:4753: ./conftest
configure:4756: $? = 0
configure:4773: result: yes
configure:4797: checking for sys/types.h
configure:4818: gcc -c -g -O2  conftest.c >&5
configure:4824: $? = 0
configure:4840: result: yes
configure:4797: checking for sys/stat.h
configure:4818: gcc -c -g -O2  conftest.c >&5
configure:4824: $? = 0
configure:4840: result: yes
configure:4797: checking for stdlib.h
configure:4818: gcc -c -g -O2  conftest.c >&5
configure:4824: $? = 0
configure:4840: result: yes
configure:4797: checking for string.h
configure:4818: gcc -c -g -O2  conftest.c >&5
configure:4824: $? = 0
configure:4840: result: yes
configure:4797: checking for memory.h
configure:4818: gcc -c -g -O2  conftest.c >&5
configure:4824: $? = 0
configure:4840: result: yes
configure:4797: checking for strings.h
configure:4818: gcc -c -g -O2  conftest.c >&5
configure:4824: $? = 0
configure:4840: result: yes
configure:4797: checking for inttypes.h
configure:4818: gcc -c -g -O2  conftest.c >&5
configure:4824: $? = 0
configure:4840: result: yes
configure:4797: checking for stdint.h
configure:4818: gcc -c -g -O2  conftest.c >&5
configure:4824: $? = 0
configure:4840: result: yes
configure:4797: checking for unistd.h
configure:4818: gcc -c -g -O2  conftest.c >&5
configure:4824: $? = 0
configure:4840: result: yes
configure:4886: checking arpa/inet.h usability
configure:4903: gcc -c -g -O2  conftest.c >&5
configure:4909: $? = 0
configure:4923: result: yes
configure:4927: checking arpa/inet.h presence
configure:4942: gcc -E  conftest.c
configure:4948: $? = 0
configure:4962: result: yes
configure:4990: checking for arpa/inet.h
configure:4998: result: yes
configure:4886: checking ctype.h usability
configure:4903: gcc -c -g -O2  conftest.c >&5
configure:4909: $? = 0
configure:4923: result: yes
configure:4927: checking ctype.h presence
configure:4942: gcc -E  conftest.c
configure:4948: $? = 0
configure:4962: result: yes
configure:4990: checking for ctype.h
configure:4998: result: yes
configure:4886: checking errno.h usability
configure:4903: gcc -c -g -O2  conftest.c >&5
configure:4909: $? = 0
configure:4923: result: yes
configure:4927: checking errno.h presence
configure:4942: gcc -E  conftest.c
configure:4948: $? = 0
configure:4962: result: yes
configure:4990: checking for errno.h
configure:4998: result: yes
configure:4886: checking fcntl.h usability
configure:4903: gcc -c -g -O2  conftest.c >&5
configure:4909: $? = 0
configure:4923: result: yes
configure:4927: checking fcntl.h presence
configure:4942: gcc -E  conftest.c
configure:4948: $? = 0
configure:4962: result: yes
configure:4990: checking for fcntl.h
configure:4998: result: yes
configure:4886: checking limits.h usability
configure:4903: gcc -c -g -O2  conftest.c >&5
configure:4909: $? = 0
configure:4923: result: yes
configure:4927: checking limits.h presence
configure:4942: gcc -E  conftest.c
configure:4948: $? = 0
configure:4962: result: yes
configure:4990: checking for limits.h
configure:4998: result: yes
configure:4886: checking locale.h usability
configure:4903: gcc -c -g -O2  conftest.c >&5
configure:4909: $? = 0
configure:4923: result: yes
configure:4927: checking locale.h presence
configure:4942: gcc -E  conftest.c
configure:4948: $? = 0
configure:4962: result: yes
configure:4990: checking for locale.h
configure:4998: result: yes
configure:4886: checking netdb.h usability
configure:4903: gcc -c -g -O2  conftest.c >&5
configure:4909: $? = 0
configure:4923: result: yes
configure:4927: checking netdb.h presence
configure:4942: gcc -E  conftest.c
configure:4948: $? = 0
configure:4962: result: yes
configure:4990: checking for netdb.h
configure:4998: result: yes
configure:4886: checking netinet/in.h usability
configure:4903: gcc -c -g -O2  conftest.c >&5
configure:4909: $? = 0
configure:4923: result: yes
configure:4927: checking netinet/in.h presence
configure:4942: gcc -E  conftest.c
configure:4948: $? = 0
configure:4962: result: yes
configure:4990: checking for netinet/in.h
configure:4998: result: yes
configure:4886: checking stdarg.h usability
configure:4903: gcc -c -g -O2  conftest.c >&5
configure:4909: $? = 0
configure:4923: result: yes
configure:4927: checking stdarg.h presence
configure:4942: gcc -E  conftest.c
configure:4948: $? = 0
configure:4962: result: yes
configure:4990: checking for stdarg.h
configure:4998: result: yes
configure:4886: checking sys/poll.h usability
configure:4903: gcc -c -g -O2  conftest.c >&5
configure:4909: $? = 0
configure:4923: result: yes
configure:4927: checking sys/poll.h presence
configure:4942: gcc -E  conftest.c
configure:4948: $? = 0
configure:4962: result: yes
configure:4990: checking for sys/poll.h
configure:4998: result: yes
configure:4886: checking ss/select.h usability
configure:4903: gcc -c -g -O2  conftest.c >&5
conftest.c:63:23: error: ss/select.h: No such file or directory
configure:4909: $? = 1
configure: failed program was:
| /* confdefs.h.  */
| #define PACKAGE_NAME "mptc"
| #define PACKAGE_TARNAME "mptc"
| #define PACKAGE_VERSION "0.0.1"
| #define PACKAGE_STRING "mptc 0.0.1"
| #define PACKAGE_BUGREPORT ""
| #define PACKAGE "mptc"
| #define VERSION "0.0.1"
| #define STDC_HEADERS 1
| #define HAVE_SYS_TYPES_H 1
| #define HAVE_SYS_STAT_H 1
| #define HAVE_STDLIB_H 1
| #define HAVE_STRING_H 1
| #define HAVE_MEMORY_H 1
| #define HAVE_STRINGS_H 1
| #define HAVE_INTTYPES_H 1
| #define HAVE_STDINT_H 1
| #define HAVE_UNISTD_H 1
| #define HAVE_ARPA_INET_H 1
| #define HAVE_CTYPE_H 1
| #define HAVE_ERRNO_H 1
| #define HAVE_FCNTL_H 1
| #define HAVE_LIMITS_H 1
| #define HAVE_LOCALE_H 1
| #define HAVE_NETDB_H 1
| #define HAVE_NETINET_IN_H 1
| #define HAVE_STDARG_H 1
| #define HAVE_SYS_POLL_H 1
| /* end confdefs.h.  */
| #include <stdio.h>
| #ifdef HAVE_SYS_TYPES_H
| # include <sys/types.h>
| #endif
| #ifdef HAVE_SYS_STAT_H
| # include <sys/stat.h>
| #endif
| #ifdef STDC_HEADERS
| # include <stdlib.h>
| # include <stddef.h>
| #else
| # ifdef HAVE_STDLIB_H
| #  include <stdlib.h>
| # endif
| #endif
| #ifdef HAVE_STRING_H
| # if !defined STDC_HEADERS && defined HAVE_MEMORY_H
| #  include <memory.h>
| # endif
| # include <string.h>
| #endif
| #ifdef HAVE_STRINGS_H
| # include <strings.h>
| #endif
| #ifdef HAVE_INTTYPES_H
| # include <inttypes.h>
| #endif
| #ifdef HAVE_STDINT_H
| # include <stdint.h>
| #endif
| #ifdef HAVE_UNISTD_H
| # include <unistd.h>
| #endif
| #include <ss/select.h>
configure:4923: result: no
configure:4927: checking ss/select.h presence
configure:4942: gcc -E  conftest.c
conftest.c:30:23: error: ss/select.h: No such file or directory
configure:4948: $? = 1
configure: failed program was:
| /* confdefs.h.  */
| #define PACKAGE_NAME "mptc"
| #define PACKAGE_TARNAME "mptc"
| #define PACKAGE_VERSION "0.0.1"
| #define PACKAGE_STRING "mptc 0.0.1"
| #define PACKAGE_BUGREPORT ""
| #define PACKAGE "mptc"
| #define VERSION "0.0.1"
| #define STDC_HEADERS 1
| #define HAVE_SYS_TYPES_H 1
| #define HAVE_SYS_STAT_H 1
| #define HAVE_STDLIB_H 1
| #define HAVE_STRING_H 1
| #define HAVE_MEMORY_H 1
| #define HAVE_STRINGS_H 1
| #define HAVE_INTTYPES_H 1
| #define HAVE_STDINT_H 1
| #define HAVE_UNISTD_H 1
| #define HAVE_ARPA_INET_H 1
| #define HAVE_CTYPE_H 1
| #define HAVE_ERRNO_H 1
| #define HAVE_FCNTL_H 1
| #define HAVE_LIMITS_H 1
| #define HAVE_LOCALE_H 1
| #define HAVE_NETDB_H 1
| #define HAVE_NETINET_IN_H 1
| #define HAVE_STDARG_H 1
| #define HAVE_SYS_POLL_H 1
| /* end confdefs.h.  */
| #include <ss/select.h>
configure:4962: result: no
configure:4990: checking for ss/select.h
configure:4998: result: no
configure:4886: checking sys/socket.h usability
configure:4903: gcc -c -g -O2  conftest.c >&5
configure:4909: $? = 0
configure:4923: result: yes
configure:4927: checking sys/socket.h presence
configure:4942: gcc -E  conftest.c
configure:4948: $? = 0
configure:4962: result: yes
configure:4990: checking for sys/socket.h
configure:4998: result: yes
configure:4886: checking sys/time.h usability
configure:4903: gcc -c -g -O2  conftest.c >&5
configure:4909: $? = 0
configure:4923: result: yes
configure:4927: checking sys/time.h presence
configure:4942: gcc -E  conftest.c
configure:4948: $? = 0
configure:4962: result: yes
configure:4990: checking for sys/time.h
configure:4998: result: yes
configure:4876: checking for sys/types.h
configure:4882: result: yes
configure:4886: checking time.h usability
configure:4903: gcc -c -g -O2  conftest.c >&5
configure:4909: $? = 0
configure:4923: result: yes
configure:4927: checking time.h presence
configure:4942: gcc -E  conftest.c
configure:4948: $? = 0
configure:4962: result: yes
configure:4990: checking for time.h
configure:4998: result: yes
configure:4886: checking winsock.h usability
configure:4903: gcc -c -g -O2  conftest.c >&5
conftest.c:67:21: error: winsock.h: No such file or directory
configure:4909: $? = 1
configure: failed program was:
| /* confdefs.h.  */
| #define PACKAGE_NAME "mptc"
| #define PACKAGE_TARNAME "mptc"
| #define PACKAGE_VERSION "0.0.1"
| #define PACKAGE_STRING "mptc 0.0.1"
| #define PACKAGE_BUGREPORT ""
| #define PACKAGE "mptc"
| #define VERSION "0.0.1"
| #define STDC_HEADERS 1
| #define HAVE_SYS_TYPES_H 1
| #define HAVE_SYS_STAT_H 1
| #define HAVE_STDLIB_H 1
| #define HAVE_STRING_H 1
| #define HAVE_MEMORY_H 1
| #define HAVE_STRINGS_H 1
| #define HAVE_INTTYPES_H 1
| #define HAVE_STDINT_H 1
| #define HAVE_UNISTD_H 1
| #define HAVE_ARPA_INET_H 1
| #define HAVE_CTYPE_H 1
| #define HAVE_ERRNO_H 1
| #define HAVE_FCNTL_H 1
| #define HAVE_LIMITS_H 1
| #define HAVE_LOCALE_H 1
| #define HAVE_NETDB_H 1
| #define HAVE_NETINET_IN_H 1
| #define HAVE_STDARG_H 1
| #define HAVE_SYS_POLL_H 1
| #define HAVE_SYS_SOCKET_H 1
| #define HAVE_SYS_TIME_H 1
| #define HAVE_SYS_TYPES_H 1
| #define HAVE_TIME_H 1
| /* end confdefs.h.  */
| #include <stdio.h>
| #ifdef HAVE_SYS_TYPES_H
| # include <sys/types.h>
| #endif
| #ifdef HAVE_SYS_STAT_H
| # include <sys/stat.h>
| #endif
| #ifdef STDC_HEADERS
| # include <stdlib.h>
| # include <stddef.h>
| #else
| # ifdef HAVE_STDLIB_H
| #  include <stdlib.h>
| # endif
| #endif
| #ifdef HAVE_STRING_H
| # if !defined STDC_HEADERS && defined HAVE_MEMORY_H
| #  include <memory.h>
| # endif
| # include <string.h>
| #endif
| #ifdef HAVE_STRINGS_H
| # include <strings.h>
| #endif
| #ifdef HAVE_INTTYPES_H
| # include <inttypes.h>
| #endif
| #ifdef HAVE_STDINT_H
| # include <stdint.h>
| #endif
| #ifdef HAVE_UNISTD_H
| # include <unistd.h>
| #endif
| #include <winsock.h>
configure:4923: result: no
configure:4927: checking winsock.h presence
configure:4942: gcc -E  conftest.c
conftest.c:34:21: error: winsock.h: No such file or directory
configure:4948: $? = 1
configure: failed program was:
| /* confdefs.h.  */
| #define PACKAGE_NAME "mptc"
| #define PACKAGE_TARNAME "mptc"
| #define PACKAGE_VERSION "0.0.1"
| #define PACKAGE_STRING "mptc 0.0.1"
| #define PACKAGE_BUGREPORT ""
| #define PACKAGE "mptc"
| #define VERSION "0.0.1"
| #define STDC_HEADERS 1
| #define HAVE_SYS_TYPES_H 1
| #define HAVE_SYS_STAT_H 1
| #define HAVE_STDLIB_H 1
| #define HAVE_STRING_H 1
| #define HAVE_MEMORY_H 1
| #define HAVE_STRINGS_H 1
| #define HAVE_INTTYPES_H 1
| #define HAVE_STDINT_H 1
| #define HAVE_UNISTD_H 1
| #define HAVE_ARPA_INET_H 1
| #define HAVE_CTYPE_H 1
| #define HAVE_ERRNO_H 1
| #define HAVE_FCNTL_H 1
| #define HAVE_LIMITS_H 1
| #define HAVE_LOCALE_H 1
| #define HAVE_NETDB_H 1
| #define HAVE_NETINET_IN_H 1
| #define HAVE_STDARG_H 1
| #define HAVE_SYS_POLL_H 1
| #define HAVE_SYS_SOCKET_H 1
| #define HAVE_SYS_TIME_H 1
| #define HAVE_SYS_TYPES_H 1
| #define HAVE_TIME_H 1
| /* end confdefs.h.  */
| #include <winsock.h>
configure:4962: result: no
configure:4990: checking for winsock.h
configure:4998: result: no
configure:4886: checking winsock2.h usability
configure:4903: gcc -c -g -O2  conftest.c >&5
conftest.c:67:22: error: winsock2.h: No such file or directory
configure:4909: $? = 1
configure: failed program was:
| /* confdefs.h.  */
| #define PACKAGE_NAME "mptc"
| #define PACKAGE_TARNAME "mptc"
| #define PACKAGE_VERSION "0.0.1"
| #define PACKAGE_STRING "mptc 0.0.1"
| #define PACKAGE_BUGREPORT ""
| #define PACKAGE "mptc"
| #define VERSION "0.0.1"
| #define STDC_HEADERS 1
| #define HAVE_SYS_TYPES_H 1
| #define HAVE_SYS_STAT_H 1
| #define HAVE_STDLIB_H 1
| #define HAVE_STRING_H 1
| #define HAVE_MEMORY_H 1
| #define HAVE_STRINGS_H 1
| #define HAVE_INTTYPES_H 1
| #define HAVE_STDINT_H 1
| #define HAVE_UNISTD_H 1
| #define HAVE_ARPA_INET_H 1
| #define HAVE_CTYPE_H 1
| #define HAVE_ERRNO_H 1
| #define HAVE_FCNTL_H 1
| #define HAVE_LIMITS_H 1
| #define HAVE_LOCALE_H 1
| #define HAVE_NETDB_H 1
| #define HAVE_NETINET_IN_H 1
| #define HAVE_STDARG_H 1
| #define HAVE_SYS_POLL_H 1
| #define HAVE_SYS_SOCKET_H 1
| #define HAVE_SYS_TIME_H 1
| #define HAVE_SYS_TYPES_H 1
| #define HAVE_TIME_H 1
| /* end confdefs.h.  */
| #include <stdio.h>
| #ifdef HAVE_SYS_TYPES_H
| # include <sys/types.h>
| #endif
| #ifdef HAVE_SYS_STAT_H
| # include <sys/stat.h>
| #endif
| #ifdef STDC_HEADERS
| # include <stdlib.h>
| # include <stddef.h>
| #else
| # ifdef HAVE_STDLIB_H
| #  include <stdlib.h>
| # endif
| #endif
| #ifdef HAVE_STRING_H
| # if !defined STDC_HEADERS && defined HAVE_MEMORY_H
| #  include <memory.h>
| # endif
| # include <string.h>
| #endif
| #ifdef HAVE_STRINGS_H
| # include <strings.h>
| #endif
| #ifdef HAVE_INTTYPES_H
| # include <inttypes.h>
| #endif
| #ifdef HAVE_STDINT_H
| # include <stdint.h>
| #endif
| #ifdef HAVE_UNISTD_H
| # include <unistd.h>
| #endif
| #include <winsock2.h>
configure:4923: result: no
configure:4927: checking winsock2.h presence
configure:4942: gcc -E  conftest.c
conftest.c:34:22: error: winsock2.h: No such file or directory
configure:4948: $? = 1
configure: failed program was:
| /* confdefs.h.  */
| #define PACKAGE_NAME "mptc"
| #define PACKAGE_TARNAME "mptc"
| #define PACKAGE_VERSION "0.0.1"
| #define PACKAGE_STRING "mptc 0.0.1"
| #define PACKAGE_BUGREPORT ""
| #define PACKAGE "mptc"
| #define VERSION "0.0.1"
| #define STDC_HEADERS 1
| #define HAVE_SYS_TYPES_H 1
| #define HAVE_SYS_STAT_H 1
| #define HAVE_STDLIB_H 1
| #define HAVE_STRING_H 1
| #define HAVE_MEMORY_H 1
| #define HAVE_STRINGS_H 1
| #define HAVE_INTTYPES_H 1
| #define HAVE_STDINT_H 1
| #define HAVE_UNISTD_H 1
| #define HAVE_ARPA_INET_H 1
| #define HAVE_CTYPE_H 1
| #define HAVE_ERRNO_H 1
| #define HAVE_FCNTL_H 1
| #define HAVE_LIMITS_H 1
| #define HAVE_LOCALE_H 1
| #define HAVE_NETDB_H 1
| #define HAVE_NETINET_IN_H 1
| #define HAVE_STDARG_H 1
| #define HAVE_SYS_POLL_H 1
| #define HAVE_SYS_SOCKET_H 1
| #define HAVE_SYS_TIME_H 1
| #define HAVE_SYS_TYPES_H 1
| #define HAVE_TIME_H 1
| /* end confdefs.h.  */
| #include <winsock2.h>
configure:4962: result: no
configure:4990: checking for winsock2.h
configure:4998: result: no
configure:5013: checking for an ANSI C-conforming const
configure:5088: gcc -c -g -O2  conftest.c >&5
configure:5094: $? = 0
configure:5109: result: yes
configure:5119: checking for size_t
configure:5149: gcc -c -g -O2  conftest.c >&5
configure:5155: $? = 0
configure:5170: result: yes
configure:5196: checking for fcntl
configure:5252: gcc -o conftest -g -O2   conftest.c  >&5
configure:5258: $? = 0
configure:5276: result: yes
configure:5196: checking for getopt
configure:5252: gcc -o conftest -g -O2   conftest.c  >&5
configure:5258: $? = 0
configure:5276: result: yes
configure:5196: checking for io.h
configure:5252: gcc -o conftest -g -O2   conftest.c  >&5
conftest.c:38:11: warning: missing whitespace after the macro name
conftest.c:51:10: warning: extra tokens at end of #undef directive
conftest.c:59: error: expected '=', ',', ';', 'asm' or '__attribute__' before '.' token
conftest.c:63:22: error: token "." is not valid in preprocessor expressions
conftest.c: In function 'main':
conftest.c:70: error: 'io' undeclared (first use in this function)
conftest.c:70: error: (Each undeclared identifier is reported only once
conftest.c:70: error: for each function it appears in.)
configure:5258: $? = 1
configure: failed program was:
| /* confdefs.h.  */
| #define PACKAGE_NAME "mptc"
| #define PACKAGE_TARNAME "mptc"
| #define PACKAGE_VERSION "0.0.1"
| #define PACKAGE_STRING "mptc 0.0.1"
| #define PACKAGE_BUGREPORT ""
| #define PACKAGE "mptc"
| #define VERSION "0.0.1"
| #define STDC_HEADERS 1
| #define HAVE_SYS_TYPES_H 1
| #define HAVE_SYS_STAT_H 1
| #define HAVE_STDLIB_H 1
| #define HAVE_STRING_H 1
| #define HAVE_MEMORY_H 1
| #define HAVE_STRINGS_H 1
| #define HAVE_INTTYPES_H 1
| #define HAVE_STDINT_H 1
| #define HAVE_UNISTD_H 1
| #define HAVE_ARPA_INET_H 1
| #define HAVE_CTYPE_H 1
| #define HAVE_ERRNO_H 1
| #define HAVE_FCNTL_H 1
| #define HAVE_LIMITS_H 1
| #define HAVE_LOCALE_H 1
| #define HAVE_NETDB_H 1
| #define HAVE_NETINET_IN_H 1
| #define HAVE_STDARG_H 1
| #define HAVE_SYS_POLL_H 1
| #define HAVE_SYS_SOCKET_H 1
| #define HAVE_SYS_TIME_H 1
| #define HAVE_SYS_TYPES_H 1
| #define HAVE_TIME_H 1
| #define HAVE_FCNTL 1
| #define HAVE_GETOPT 1
| /* end confdefs.h.  */
| /* Define io.h to an innocuous variant, in case <limits.h> declares io.h.
|    For example, HP-UX 11i <limits.h> declares gettimeofday.  */
| #define io.h innocuous_io.h
| 
| /* System header to define __stub macros and hopefully few prototypes,
|     which can conflict with char io.h (); below.
|     Prefer <limits.h> to <assert.h> if __STDC__ is defined, since
|     <limits.h> exists even on freestanding compilers.  */
| 
| #ifdef __STDC__
| # include <limits.h>
| #else
| # include <assert.h>
| #endif
| 
| #undef io.h
| 
| /* Override any GCC internal prototype to avoid an error.
|    Use char because int might match the return type of a GCC
|    builtin and then its argument prototype would still apply.  */
| #ifdef __cplusplus
| extern "C"
| #endif
| char io.h ();
| /* The GNU C library defines this for functions which it implements
|     to always fail with ENOSYS.  Some functions are actually named
|     something starting with __ and the normal name is an alias.  */
| #if defined __stub_io.h || defined __stub___io.h
| choke me
| #endif
| 
| int
| main ()
| {
| return io.h ();
|   ;
|   return 0;
| }
configure:5276: result: no
configure:5196: checking for memcpy
configure:5252: gcc -o conftest -g -O2   conftest.c  >&5
conftest.c:59: warning: conflicting types for built-in function 'memcpy'
configure:5258: $? = 0
configure:5276: result: yes
configure:5196: checking for memcmp
configure:5252: gcc -o conftest -g -O2   conftest.c  >&5
conftest.c:60: warning: conflicting types for built-in function 'memcmp'
configure:5258: $? = 0
configure:5276: result: yes
configure:5196: checking for poll
configure:5252: gcc -o conftest -g -O2   conftest.c  >&5
configure:5258: $? = 0
configure:5276: result: yes
configure:5196: checking for signal
configure:5252: gcc -o conftest -g -O2   conftest.c  >&5
configure:5258: $? = 0
configure:5276: result: yes
configure:5196: checking for strcpy
configure:5252: gcc -o conftest -g -O2   conftest.c  >&5
conftest.c:63: warning: conflicting types for built-in function 'strcpy'
configure:5258: $? = 0
configure:5276: result: yes
configure:5196: checking for strstr
configure:5252: gcc -o conftest -g -O2   conftest.c  >&5
conftest.c:64: warning: conflicting types for built-in function 'strstr'
configure:5258: $? = 0
configure:5276: result: yes
configure:5289: checking for in_port_t
configure:5319: gcc -c -g -O2  conftest.c >&5
conftest.c:75: error: expected '=', ',', ';', 'asm' or '__attribute__' before 'ac__type_new_'
conftest.c: In function 'main':
conftest.c:79: error: 'ac__type_new_' undeclared (first use in this function)
conftest.c:79: error: (Each undeclared identifier is reported only once
conftest.c:79: error: for each function it appears in.)
conftest.c:79: error: expected expression before ')' token
configure:5325: $? = 1
configure: failed program was:
| /* confdefs.h.  */
| #define PACKAGE_NAME "mptc"
| #define PACKAGE_TARNAME "mptc"
| #define PACKAGE_VERSION "0.0.1"
| #define PACKAGE_STRING "mptc 0.0.1"
| #define PACKAGE_BUGREPORT ""
| #define PACKAGE "mptc"
| #define VERSION "0.0.1"
| #define STDC_HEADERS 1
| #define HAVE_SYS_TYPES_H 1
| #define HAVE_SYS_STAT_H 1
| #define HAVE_STDLIB_H 1
| #define HAVE_STRING_H 1
| #define HAVE_MEMORY_H 1
| #define HAVE_STRINGS_H 1
| #define HAVE_INTTYPES_H 1
| #define HAVE_STDINT_H 1
| #define HAVE_UNISTD_H 1
| #define HAVE_ARPA_INET_H 1
| #define HAVE_CTYPE_H 1
| #define HAVE_ERRNO_H 1
| #define HAVE_FCNTL_H 1
| #define HAVE_LIMITS_H 1
| #define HAVE_LOCALE_H 1
| #define HAVE_NETDB_H 1
| #define HAVE_NETINET_IN_H 1
| #define HAVE_STDARG_H 1
| #define HAVE_SYS_POLL_H 1
| #define HAVE_SYS_SOCKET_H 1
| #define HAVE_SYS_TIME_H 1
| #define HAVE_SYS_TYPES_H 1
| #define HAVE_TIME_H 1
| #define HAVE_FCNTL 1
| #define HAVE_GETOPT 1
| #define HAVE_MEMCPY 1
| #define HAVE_MEMCMP 1
| #define HAVE_POLL 1
| #define HAVE_SIGNAL 1
| #define HAVE_STRCPY 1
| #define HAVE_STRSTR 1
| /* end confdefs.h.  */
| #include <stdio.h>
| #ifdef HAVE_SYS_TYPES_H
| # include <sys/types.h>
| #endif
| #ifdef HAVE_SYS_STAT_H
| # include <sys/stat.h>
| #endif
| #ifdef STDC_HEADERS
| # include <stdlib.h>
| # include <stddef.h>
| #else
| # ifdef HAVE_STDLIB_H
| #  include <stdlib.h>
| # endif
| #endif
| #ifdef HAVE_STRING_H
| # if !defined STDC_HEADERS && defined HAVE_MEMORY_H
| #  include <memory.h>
| # endif
| # include <string.h>
| #endif
| #ifdef HAVE_STRINGS_H
| # include <strings.h>
| #endif
| #ifdef HAVE_INTTYPES_H
| # include <inttypes.h>
| #endif
| #ifdef HAVE_STDINT_H
| # include <stdint.h>
| #endif
| #ifdef HAVE_UNISTD_H
| # include <unistd.h>
| #endif
| typedef in_port_t ac__type_new_;
| int
| main ()
| {
| if ((ac__type_new_ *) 0)
|   return 0;
| if (sizeof (ac__type_new_))
|   return 0;
|   ;
|   return 0;
| }
configure:5340: result: no
configure:5394: checking for pkg-config
configure:5412: found /usr/bin/pkg-config
configure:5424: result: /usr/bin/pkg-config
configure:5453: checking pkg-config is at least version 0.9.0
configure:5456: result: yes
configure:5467: checking for GTK
configure:5475: $PKG_CONFIG --exists --print-errors "gtk+-2.0 >= 2.2.0"
configure:5478: $? = 0
configure:5493: $PKG_CONFIG --exists --print-errors "gtk+-2.0 >= 2.2.0"
configure:5496: $? = 0
configure:5572: result: yes
configure:5729: creating ./config.status

## ---------------------- ##
## Running config.status. ##
## ---------------------- ##

This file was extended by mptc config.status 0.0.1, which was
generated by GNU Autoconf 2.61.  Invocation command line was

  CONFIG_FILES    = 
  CONFIG_HEADERS  = 
  CONFIG_LINKS    = 
  CONFIG_COMMANDS = 
  $ ./config.status 

on cocoduo

config.status:639: creating Makefile
config.status:639: creating src/Makefile
config.status:639: creating src/mptc_config.h
config.status:933: executing depfiles commands

## ---------------- ##
## Cache variables. ##
## ---------------- ##

ac_cv_c_compiler_gnu=yes
ac_cv_c_const=yes
ac_cv_env_CC_set=
ac_cv_env_CC_value=
ac_cv_env_CFLAGS_set=
ac_cv_env_CFLAGS_value=
ac_cv_env_CPPFLAGS_set=
ac_cv_env_CPPFLAGS_value=
ac_cv_env_CPP_set=
ac_cv_env_CPP_value=
ac_cv_env_GTK_CFLAGS_set=
ac_cv_env_GTK_CFLAGS_value=
ac_cv_env_GTK_LIBS_set=
ac_cv_env_GTK_LIBS_value=
ac_cv_env_LDFLAGS_set=
ac_cv_env_LDFLAGS_value=
ac_cv_env_LIBS_set=
ac_cv_env_LIBS_value=
ac_cv_env_PKG_CONFIG_set=
ac_cv_env_PKG_CONFIG_value=
ac_cv_env_build_alias_set=
ac_cv_env_build_alias_value=
ac_cv_env_host_alias_set=
ac_cv_env_host_alias_value=
ac_cv_env_target_alias_set=
ac_cv_env_target_alias_value=
ac_cv_func_fcntl=yes
ac_cv_func_getopt=yes
ac_cv_func_io_h=no
ac_cv_func_memcmp=yes
ac_cv_func_memcpy=yes
ac_cv_func_poll=yes
ac_cv_func_signal=yes
ac_cv_func_strcpy=yes
ac_cv_func_strstr=yes
ac_cv_header_arpa_inet_h=yes
ac_cv_header_ctype_h=yes
ac_cv_header_errno_h=yes
ac_cv_header_fcntl_h=yes
ac_cv_header_inttypes_h=yes
ac_cv_header_limits_h=yes
ac_cv_header_locale_h=yes
ac_cv_header_memory_h=yes
ac_cv_header_netdb_h=yes
ac_cv_header_netinet_in_h=yes
ac_cv_header_ss_select_h=no
ac_cv_header_stdarg_h=yes
ac_cv_header_stdc=yes
ac_cv_header_stdint_h=yes
ac_cv_header_stdlib_h=yes
ac_cv_header_string_h=yes
ac_cv_header_strings_h=yes
ac_cv_header_sys_poll_h=yes
ac_cv_header_sys_socket_h=yes
ac_cv_header_sys_stat_h=yes
ac_cv_header_sys_time_h=yes
ac_cv_header_sys_types_h=yes
ac_cv_header_time_h=yes
ac_cv_header_unistd_h=yes
ac_cv_header_winsock2_h=no
ac_cv_header_winsock_h=no
ac_cv_objext=o
ac_cv_path_EGREP='/bin/grep -E'
ac_cv_path_GREP=/bin/grep
ac_cv_path_ac_pt_PKG_CONFIG=/usr/bin/pkg-config
ac_cv_path_install='/usr/bin/install -c'
ac_cv_path_mkdir=/bin/mkdir
ac_cv_prog_AWK=gawk
ac_cv_prog_CPP='gcc -E'
ac_cv_prog_ac_ct_CC=gcc
ac_cv_prog_cc_c89=
ac_cv_prog_cc_g=yes
ac_cv_prog_make_make_set=yes
ac_cv_type_in_port_t=no
ac_cv_type_size_t=yes
am_cv_CC_dependencies_compiler_type=gcc3
am_cv_prog_cc_stdc=
pkg_cv_GTK_CFLAGS='-I/usr/include/gtk-2.0 -I/usr/lib/gtk-2.0/include -I/usr/include/atk-1.0 -I/usr/include/cairo -I/usr/include/pango-1.0 -I/usr/include/glib-2.0 -I/usr/lib/glib-2.0/include -I/usr/include/freetype2 -I/usr/include/libpng12  '
pkg_cv_GTK_LIBS='-lgtk-x11-2.0 -lgdk-x11-2.0 -latk-1.0 -lgdk_pixbuf-2.0 -lm -lpangocairo-1.0 -lfontconfig -lXext -lXrender -lXinerama -lXi -lXrandr -lXcursor -lXcomposite -lXdamage -lpango-1.0 -lcairo -lX11 -lXfixes -lgobject-2.0 -lgmodule-2.0 -ldl -lglib-2.0  '

## ----------------- ##
## Output variables. ##
## ----------------- ##

ACLOCAL='${SHELL} /home/djdeath/src/projet_sys/missing --run aclocal-1.10'
AMDEPBACKSLASH='\'
AMDEP_FALSE='#'
AMDEP_TRUE=''
AMTAR='${SHELL} /home/djdeath/src/projet_sys/missing --run tar'
AUTOCONF='${SHELL} /home/djdeath/src/projet_sys/missing --run autoconf'
AUTOHEADER='${SHELL} /home/djdeath/src/projet_sys/missing --run autoheader'
AUTOMAKE='${SHELL} /home/djdeath/src/projet_sys/missing --run automake-1.10'
AWK='gawk'
CC='gcc'
CCDEPMODE='depmode=gcc3'
CFLAGS='-Wall'
CPP='gcc -E'
CPPFLAGS=''
CYGPATH_W='echo'
DEFS='-DHAVE_CONFIG_H'
DEPDIR='.deps'
ECHO_C=''
ECHO_N='-n'
ECHO_T=''
EGREP='/bin/grep -E'
EXEEXT=''
GREP='/bin/grep'
GTK_CFLAGS='-I/usr/include/gtk-2.0 -I/usr/lib/gtk-2.0/include -I/usr/include/atk-1.0 -I/usr/include/cairo -I/usr/include/pango-1.0 -I/usr/include/glib-2.0 -I/usr/lib/glib-2.0/include -I/usr/include/freetype2 -I/usr/include/libpng12  '
GTK_LIBS='-lgtk-x11-2.0 -lgdk-x11-2.0 -latk-1.0 -lgdk_pixbuf-2.0 -lm -lpangocairo-1.0 -lfontconfig -lXext -lXrender -lXinerama -lXi -lXrandr -lXcursor -lXcomposite -lXdamage -lpango-1.0 -lcairo -lX11 -lXfixes -lgobject-2.0 -lgmodule-2.0 -ldl -lglib-2.0  '
INSTALL_DATA='${INSTALL} -m 644'
INSTALL_PROGRAM='${INSTALL}'
INSTALL_SCRIPT='${INSTALL}'
INSTALL_STRIP_PROGRAM='$(install_sh) -c -s'
LDFLAGS=''
LIBOBJS=''
LIBS=''
LTLIBOBJS=''
MAKEINFO='${SHELL} /home/djdeath/src/projet_sys/missing --run makeinfo'
OBJEXT='o'
PACKAGE='mptc'
PACKAGE_BUGREPORT=''
PACKAGE_NAME='mptc'
PACKAGE_STRING='mptc 0.0.1'
PACKAGE_TARNAME='mptc'
PACKAGE_VERSION='0.0.1'
PATH_SEPARATOR=':'
PKG_CONFIG='/usr/bin/pkg-config'
SET_MAKE=''
SHELL='/bin/bash'
STRIP=''
VERSION='0.0.1'
ac_ct_CC='gcc'
am__fastdepCC_FALSE='#'
am__fastdepCC_TRUE=''
am__include='include'
am__isrc=''
am__leading_dot='.'
am__quote=''
am__tar='${AMTAR} chof - "$$tardir"'
am__untar='${AMTAR} xf -'
bindir='${exec_prefix}/bin'
build_alias=''
datadir='${datarootdir}'
datarootdir='${prefix}/share'
docdir='${datarootdir}/doc/${PACKAGE_TARNAME}'
dvidir='${docdir}'
exec_prefix='${prefix}'
host_alias=''
htmldir='${docdir}'
includedir='${prefix}/include'
infodir='${datarootdir}/info'
install_sh='$(SHELL) /home/djdeath/src/projet_sys/install-sh'
libdir='${exec_prefix}/lib'
libexecdir='${exec_prefix}/libexec'
localedir='${datarootdir}/locale'
localstatedir='${prefix}/var'
mandir='${datarootdir}/man'
mkdir_p='/bin/mkdir -p'
oldincludedir='/usr/include'
pdfdir='${docdir}'
prefix='/usr/local'
program_transform_name='s,x,x,'
psdir='${docdir}'
sbindir='${exec_prefix}/sbin'
sharedstatedir='${prefix}/com'
sysconfdir='${prefix}/etc'
target_alias=''

## ----------- ##
## confdefs.h. ##
## ----------- ##

#define PACKAGE_NAME "mptc"
#define PACKAGE_TARNAME "mptc"
#define PACKAGE_VERSION "0.0.1"
#define PACKAGE_STRING "mptc 0.0.1"
#define PACKAGE_BUGREPORT ""
#define PACKAGE "mptc"
#define VERSION "0.0.1"
#define STDC_HEADERS 1
#define HAVE_SYS_TYPES_H 1
#define HAVE_SYS_STAT_H 1
#define HAVE_STDLIB_H 1
#define HAVE_STRING_H 1
#define HAVE_MEMORY_H 1
#define HAVE_STRINGS_H 1
#define HAVE_INTTYPES_H 1
#define HAVE_STDINT_H 1
#define HAVE_UNISTD_H 1
#define HAVE_ARPA_INET_H 1
#define HAVE_CTYPE_H 1
#define HAVE_ERRNO_H 1
#define HAVE_FCNTL_H 1
#define HAVE_LIMITS_H 1
#define HAVE_LOCALE_H 1
#define HAVE_NETDB_H 1
#define HAVE_NETINET_IN_H 1
#define HAVE_STDARG_H 1
#define HAVE_SYS_POLL_H 1
#define HAVE_SYS_SOCKET_H 1
#define HAVE_SYS_TIME_H 1
#define HAVE_SYS_TYPES_H 1
#define HAVE_TIME_H 1
#define HAVE_FCNTL 1
#define HAVE_GETOPT 1
#define HAVE_MEMCPY 1
#define HAVE_MEMCMP 1
#define HAVE_POLL 1
#define HAVE_SIGNAL 1
#define HAVE_STRCPY 1
#define HAVE_STRSTR 1

configure: exit 0

## ---------------------- ##
## Running config.status. ##
## ---------------------- ##

This file was extended by mptc config.status 0.0.1, which was
generated by GNU Autoconf 2.61.  Invocation command line was

  CONFIG_FILES    = 
  CONFIG_HEADERS  = 
  CONFIG_LINKS    = 
  CONFIG_COMMANDS = 
  $ ./config.status src/mptc_config.h

on cocoduo

config.status:639: creating src/mptc_config.h
config.status:887: src/mptc_config.h is unchanged
