This file contains any messages produced by compilers while
running configure, to aid debugging if configure makes a mistake.

It was created by imgcompress configure 0.0.1, which was
generated by GNU Autoconf 2.59.  Invocation command line was

  $ ./configure 

## --------- ##
## Platform. ##
## --------- ##

hostname = cocoduo
uname -m = i686
uname -r = 2.6.19-rc2
uname -s = Linux
uname -v = #1 SMP PREEMPT Sat Oct 14 04:42:25 CEST 2006

/usr/bin/uname -p = unknown
/bin/uname -X     = unknown

/bin/arch              = i686
/usr/bin/arch -k       = unknown
/usr/convex/getsysinfo = unknown
hostinfo               = unknown
/bin/machine           = unknown
/usr/bin/oslevel       = unknown
/bin/universe          = unknown

PATH: /home/djdeath/bin
PATH: /usr/local/bin
PATH: /usr/bin
PATH: /bin
PATH: /usr/bin/X11
PATH: /usr/games


## ----------- ##
## Core tests. ##
## ----------- ##

configure:1351: checking for a BSD-compatible install
configure:1406: result: /usr/bin/install -c
configure:1417: checking whether build environment is sane
configure:1460: result: yes
configure:1475: checking whether make sets $(MAKE)
configure:1495: result: yes
configure:1527: checking for working aclocal-1.4
configure:1538: result: missing
configure:1542: checking for working autoconf
configure:1553: result: missing
configure:1557: checking for working automake-1.4
configure:1568: result: missing
configure:1572: checking for working autoheader
configure:1583: result: missing
configure:1587: checking for working makeinfo
configure:1594: result: found
configure:1657: checking for gcc
configure:1673: found /usr/bin/gcc
configure:1683: result: gcc
configure:1927: checking for C compiler version
configure:1930: gcc --version </dev/null >&5
gcc (GCC) 4.1.2 20061007 (prerelease) (Debian 4.1.1-16)
Copyright (C) 2006 Free Software Foundation, Inc.
This is free software; see the source for copying conditions.  There is NO
warranty; not even for MERCHANTABILITY or FITNESS FOR A PARTICULAR PURPOSE.

configure:1933: $? = 0
configure:1935: gcc -v </dev/null >&5
Using built-in specs.
Target: i486-linux-gnu
Configured with: ../src/configure -v --enable-languages=c,c++,fortran,objc,obj-c++,treelang --prefix=/usr --enable-shared --with-system-zlib --libexecdir=/usr/lib --without-included-gettext --enable-threads=posix --enable-nls --program-suffix=-4.1 --enable-__cxa_atexit --enable-clocale=gnu --enable-libstdcxx-debug --enable-mpfr --with-tune=i686 --enable-checking=release i486-linux-gnu
Thread model: posix
gcc version 4.1.2 20061007 (prerelease) (Debian 4.1.1-16)
configure:1938: $? = 0
configure:1940: gcc -V </dev/null >&5
gcc: '-V' option must have argument
configure:1943: $? = 1
configure:1966: checking for C compiler default output file name
configure:1969: gcc    conftest.c  >&5
configure:1972: $? = 0
configure:2018: result: a.out
configure:2023: checking whether the C compiler works
configure:2029: ./a.out
configure:2032: $? = 0
configure:2049: result: yes
configure:2056: checking whether we are cross compiling
configure:2058: result: no
configure:2061: checking for suffix of executables
configure:2063: gcc -o conftest    conftest.c  >&5
configure:2066: $? = 0
configure:2091: result: 
configure:2097: checking for suffix of object files
configure:2118: gcc -c   conftest.c >&5
configure:2121: $? = 0
configure:2143: result: o
configure:2147: checking whether we are using the GNU C compiler
configure:2171: gcc -c   conftest.c >&5
configure:2177: $? = 0
configure:2180: test -z 			 || test ! -s conftest.err
configure:2183: $? = 0
configure:2186: test -s conftest.o
configure:2189: $? = 0
configure:2202: result: yes
configure:2208: checking whether gcc accepts -g
configure:2229: gcc -c -g  conftest.c >&5
configure:2235: $? = 0
configure:2238: test -z 			 || test ! -s conftest.err
configure:2241: $? = 0
configure:2244: test -s conftest.o
configure:2247: $? = 0
configure:2258: result: yes
configure:2275: checking for gcc option to accept ANSI C
configure:2345: gcc  -c -g -O2  conftest.c >&5
configure:2351: $? = 0
configure:2354: test -z 			 || test ! -s conftest.err
configure:2357: $? = 0
configure:2360: test -s conftest.o
configure:2363: $? = 0
configure:2381: result: none needed
configure:2399: gcc -c -g -O2  conftest.c >&5
conftest.c:2: error: expected '=', ',', ';', 'asm' or '__attribute__' before 'me'
configure:2405: $? = 1
configure: failed program was:
| #ifndef __cplusplus
|   choke me
| #endif
configure:2539: checking for gcc option to accept ANSI C
configure:2601: gcc  -c -g -O2  conftest.c >&5
configure:2607: $? = 0
configure:2610: test -z 			 || test ! -s conftest.err
configure:2613: $? = 0
configure:2616: test -s conftest.o
configure:2619: $? = 0
configure:2634: result: none needed
configure:2658: checking for a BSD-compatible install
configure:2713: result: /usr/bin/install -c
configure:2724: checking whether make sets $(MAKE)
configure:2744: result: yes
configure:2755: checking whether byte ordering is bigendian
configure:2782: gcc -c -g -O2  conftest.c >&5
configure:2788: $? = 0
configure:2791: test -z 			 || test ! -s conftest.err
configure:2794: $? = 0
configure:2797: test -s conftest.o
configure:2800: $? = 0
configure:2824: gcc -c -g -O2  conftest.c >&5
conftest.c: In function 'main':
conftest.c:18: error: 'not' undeclared (first use in this function)
conftest.c:18: error: (Each undeclared identifier is reported only once
conftest.c:18: error: for each function it appears in.)
conftest.c:18: error: expected ';' before 'big'
configure:2830: $? = 1
configure: failed program was:
| /* confdefs.h.  */
| 
| #define PACKAGE_NAME "imgcompress"
| #define PACKAGE_TARNAME "imgcompress"
| #define PACKAGE_VERSION "0.0.1"
| #define PACKAGE_STRING "imgcompress 0.0.1"
| #define PACKAGE_BUGREPORT ""
| #define PACKAGE "dist-bzip2"
| #define VERSION ""
| /* end confdefs.h.  */
| #include <sys/types.h>
| #include <sys/param.h>
| 
| int
| main ()
| {
| #if BYTE_ORDER != BIG_ENDIAN
|  not big endian
| #endif
| 
|   ;
|   return 0;
| }
configure:2963: result: no
configure:2994: checking how to run the C preprocessor
configure:3029: gcc -E  conftest.c
configure:3035: $? = 0
configure:3067: gcc -E  conftest.c
conftest.c:12:28: error: ac_nonexistent.h: No such file or directory
configure:3073: $? = 1
configure: failed program was:
| /* confdefs.h.  */
| 
| #define PACKAGE_NAME "imgcompress"
| #define PACKAGE_TARNAME "imgcompress"
| #define PACKAGE_VERSION "0.0.1"
| #define PACKAGE_STRING "imgcompress 0.0.1"
| #define PACKAGE_BUGREPORT ""
| #define PACKAGE "dist-bzip2"
| #define VERSION ""
| #define ENDIAN_LITTLE 1
| /* end confdefs.h.  */
| #include <ac_nonexistent.h>
configure:3112: result: gcc -E
configure:3136: gcc -E  conftest.c
configure:3142: $? = 0
configure:3174: gcc -E  conftest.c
conftest.c:12:28: error: ac_nonexistent.h: No such file or directory
configure:3180: $? = 1
configure: failed program was:
| /* confdefs.h.  */
| 
| #define PACKAGE_NAME "imgcompress"
| #define PACKAGE_TARNAME "imgcompress"
| #define PACKAGE_VERSION "0.0.1"
| #define PACKAGE_STRING "imgcompress 0.0.1"
| #define PACKAGE_BUGREPORT ""
| #define PACKAGE "dist-bzip2"
| #define VERSION ""
| #define ENDIAN_LITTLE 1
| /* end confdefs.h.  */
| #include <ac_nonexistent.h>
configure:3224: checking for egrep
configure:3234: result: grep -E
configure:3239: checking for ANSI C header files
configure:3264: gcc -c -g -O2  conftest.c >&5
configure:3270: $? = 0
configure:3273: test -z 			 || test ! -s conftest.err
configure:3276: $? = 0
configure:3279: test -s conftest.o
configure:3282: $? = 0
configure:3371: gcc -o conftest -g -O2   conftest.c  >&5
conftest.c: In function 'main':
conftest.c:29: warning: incompatible implicit declaration of built-in function 'exit'
configure:3374: $? = 0
configure:3376: ./conftest
configure:3379: $? = 0
configure:3394: result: yes
configure:3419: checking for sys/types.h
configure:3435: gcc -c -g -O2  conftest.c >&5
configure:3441: $? = 0
configure:3444: test -z 			 || test ! -s conftest.err
configure:3447: $? = 0
configure:3450: test -s conftest.o
configure:3453: $? = 0
configure:3464: result: yes
configure:3419: checking for sys/stat.h
configure:3435: gcc -c -g -O2  conftest.c >&5
configure:3441: $? = 0
configure:3444: test -z 			 || test ! -s conftest.err
configure:3447: $? = 0
configure:3450: test -s conftest.o
configure:3453: $? = 0
configure:3464: result: yes
configure:3419: checking for stdlib.h
configure:3435: gcc -c -g -O2  conftest.c >&5
configure:3441: $? = 0
configure:3444: test -z 			 || test ! -s conftest.err
configure:3447: $? = 0
configure:3450: test -s conftest.o
configure:3453: $? = 0
configure:3464: result: yes
configure:3419: checking for string.h
configure:3435: gcc -c -g -O2  conftest.c >&5
configure:3441: $? = 0
configure:3444: test -z 			 || test ! -s conftest.err
configure:3447: $? = 0
configure:3450: test -s conftest.o
configure:3453: $? = 0
configure:3464: result: yes
configure:3419: checking for memory.h
configure:3435: gcc -c -g -O2  conftest.c >&5
configure:3441: $? = 0
configure:3444: test -z 			 || test ! -s conftest.err
configure:3447: $? = 0
configure:3450: test -s conftest.o
configure:3453: $? = 0
configure:3464: result: yes
configure:3419: checking for strings.h
configure:3435: gcc -c -g -O2  conftest.c >&5
configure:3441: $? = 0
configure:3444: test -z 			 || test ! -s conftest.err
configure:3447: $? = 0
configure:3450: test -s conftest.o
configure:3453: $? = 0
configure:3464: result: yes
configure:3419: checking for inttypes.h
configure:3435: gcc -c -g -O2  conftest.c >&5
configure:3441: $? = 0
configure:3444: test -z 			 || test ! -s conftest.err
configure:3447: $? = 0
configure:3450: test -s conftest.o
configure:3453: $? = 0
configure:3464: result: yes
configure:3419: checking for stdint.h
configure:3435: gcc -c -g -O2  conftest.c >&5
configure:3441: $? = 0
configure:3444: test -z 			 || test ! -s conftest.err
configure:3447: $? = 0
configure:3450: test -s conftest.o
configure:3453: $? = 0
configure:3464: result: yes
configure:3419: checking for unistd.h
configure:3435: gcc -c -g -O2  conftest.c >&5
configure:3441: $? = 0
configure:3444: test -z 			 || test ! -s conftest.err
configure:3447: $? = 0
configure:3450: test -s conftest.o
configure:3453: $? = 0
configure:3464: result: yes
configure:3509: checking alloca.h usability
configure:3521: gcc -c -g -O2  conftest.c >&5
configure:3527: $? = 0
configure:3530: test -z 			 || test ! -s conftest.err
configure:3533: $? = 0
configure:3536: test -s conftest.o
configure:3539: $? = 0
configure:3549: result: yes
configure:3553: checking alloca.h presence
configure:3563: gcc -E  conftest.c
configure:3569: $? = 0
configure:3589: result: yes
configure:3624: checking for alloca.h
configure:3631: result: yes
configure:3509: checking argz.h usability
configure:3521: gcc -c -g -O2  conftest.c >&5
configure:3527: $? = 0
configure:3530: test -z 			 || test ! -s conftest.err
configure:3533: $? = 0
configure:3536: test -s conftest.o
configure:3539: $? = 0
configure:3549: result: yes
configure:3553: checking argz.h presence
configure:3563: gcc -E  conftest.c
configure:3569: $? = 0
configure:3589: result: yes
configure:3624: checking for argz.h
configure:3631: result: yes
configure:3509: checking errno.h usability
configure:3521: gcc -c -g -O2  conftest.c >&5
configure:3527: $? = 0
configure:3530: test -z 			 || test ! -s conftest.err
configure:3533: $? = 0
configure:3536: test -s conftest.o
configure:3539: $? = 0
configure:3549: result: yes
configure:3553: checking errno.h presence
configure:3563: gcc -E  conftest.c
configure:3569: $? = 0
configure:3589: result: yes
configure:3624: checking for errno.h
configure:3631: result: yes
configure:3509: checking fcntl.h usability
configure:3521: gcc -c -g -O2  conftest.c >&5
configure:3527: $? = 0
configure:3530: test -z 			 || test ! -s conftest.err
configure:3533: $? = 0
configure:3536: test -s conftest.o
configure:3539: $? = 0
configure:3549: result: yes
configure:3553: checking fcntl.h presence
configure:3563: gcc -E  conftest.c
configure:3569: $? = 0
configure:3589: result: yes
configure:3624: checking for fcntl.h
configure:3631: result: yes
configure:3509: checking getopt.h usability
configure:3521: gcc -c -g -O2  conftest.c >&5
configure:3527: $? = 0
configure:3530: test -z 			 || test ! -s conftest.err
configure:3533: $? = 0
configure:3536: test -s conftest.o
configure:3539: $? = 0
configure:3549: result: yes
configure:3553: checking getopt.h presence
configure:3563: gcc -E  conftest.c
configure:3569: $? = 0
configure:3589: result: yes
configure:3624: checking for getopt.h
configure:3631: result: yes
configure:3509: checking libintl.h usability
configure:3521: gcc -c -g -O2  conftest.c >&5
configure:3527: $? = 0
configure:3530: test -z 			 || test ! -s conftest.err
configure:3533: $? = 0
configure:3536: test -s conftest.o
configure:3539: $? = 0
configure:3549: result: yes
configure:3553: checking libintl.h presence
configure:3563: gcc -E  conftest.c
configure:3569: $? = 0
configure:3589: result: yes
configure:3624: checking for libintl.h
configure:3631: result: yes
configure:3509: checking limits.h usability
configure:3521: gcc -c -g -O2  conftest.c >&5
configure:3527: $? = 0
configure:3530: test -z 			 || test ! -s conftest.err
configure:3533: $? = 0
configure:3536: test -s conftest.o
configure:3539: $? = 0
configure:3549: result: yes
configure:3553: checking limits.h presence
configure:3563: gcc -E  conftest.c
configure:3569: $? = 0
configure:3589: result: yes
configure:3624: checking for limits.h
configure:3631: result: yes
configure:3509: checking locale.h usability
configure:3521: gcc -c -g -O2  conftest.c >&5
configure:3527: $? = 0
configure:3530: test -z 			 || test ! -s conftest.err
configure:3533: $? = 0
configure:3536: test -s conftest.o
configure:3539: $? = 0
configure:3549: result: yes
configure:3553: checking locale.h presence
configure:3563: gcc -E  conftest.c
configure:3569: $? = 0
configure:3589: result: yes
configure:3624: checking for locale.h
configure:3631: result: yes
configure:3509: checking malloc.h usability
configure:3521: gcc -c -g -O2  conftest.c >&5
configure:3527: $? = 0
configure:3530: test -z 			 || test ! -s conftest.err
configure:3533: $? = 0
configure:3536: test -s conftest.o
configure:3539: $? = 0
configure:3549: result: yes
configure:3553: checking malloc.h presence
configure:3563: gcc -E  conftest.c
configure:3569: $? = 0
configure:3589: result: yes
configure:3624: checking for malloc.h
configure:3631: result: yes
configure:3509: checking math.h usability
configure:3521: gcc -c -g -O2  conftest.c >&5
configure:3527: $? = 0
configure:3530: test -z 			 || test ! -s conftest.err
configure:3533: $? = 0
configure:3536: test -s conftest.o
configure:3539: $? = 0
configure:3549: result: yes
configure:3553: checking math.h presence
configure:3563: gcc -E  conftest.c
configure:3569: $? = 0
configure:3589: result: yes
configure:3624: checking for math.h
configure:3631: result: yes
configure:3509: checking nl_types.h usability
configure:3521: gcc -c -g -O2  conftest.c >&5
configure:3527: $? = 0
configure:3530: test -z 			 || test ! -s conftest.err
configure:3533: $? = 0
configure:3536: test -s conftest.o
configure:3539: $? = 0
configure:3549: result: yes
configure:3553: checking nl_types.h presence
configure:3563: gcc -E  conftest.c
configure:3569: $? = 0
configure:3589: result: yes
configure:3624: checking for nl_types.h
configure:3631: result: yes
configure:3509: checking pwd.h usability
configure:3521: gcc -c -g -O2  conftest.c >&5
configure:3527: $? = 0
configure:3530: test -z 			 || test ! -s conftest.err
configure:3533: $? = 0
configure:3536: test -s conftest.o
configure:3539: $? = 0
configure:3549: result: yes
configure:3553: checking pwd.h presence
configure:3563: gcc -E  conftest.c
configure:3569: $? = 0
configure:3589: result: yes
configure:3624: checking for pwd.h
configure:3631: result: yes
configure:3509: checking stdarg.h usability
configure:3521: gcc -c -g -O2  conftest.c >&5
configure:3527: $? = 0
configure:3530: test -z 			 || test ! -s conftest.err
configure:3533: $? = 0
configure:3536: test -s conftest.o
configure:3539: $? = 0
configure:3549: result: yes
configure:3553: checking stdarg.h presence
configure:3563: gcc -E  conftest.c
configure:3569: $? = 0
configure:3589: result: yes
configure:3624: checking for stdarg.h
configure:3631: result: yes
configure:3509: checking stddef.h usability
configure:3521: gcc -c -g -O2  conftest.c >&5
configure:3527: $? = 0
configure:3530: test -z 			 || test ! -s conftest.err
configure:3533: $? = 0
configure:3536: test -s conftest.o
configure:3539: $? = 0
configure:3549: result: yes
configure:3553: checking stddef.h presence
configure:3563: gcc -E  conftest.c
configure:3569: $? = 0
configure:3589: result: yes
configure:3624: checking for stddef.h
configure:3631: result: yes
configure:3509: checking sys/param.h usability
configure:3521: gcc -c -g -O2  conftest.c >&5
configure:3527: $? = 0
configure:3530: test -z 			 || test ! -s conftest.err
configure:3533: $? = 0
configure:3536: test -s conftest.o
configure:3539: $? = 0
configure:3549: result: yes
configure:3553: checking sys/param.h presence
configure:3563: gcc -E  conftest.c
configure:3569: $? = 0
configure:3589: result: yes
configure:3624: checking for sys/param.h
configure:3631: result: yes
configure:3500: checking for sys/stat.h
configure:3505: result: yes
configure:3500: checking for sys/types.h
configure:3505: result: yes
configure:3500: checking for unistd.h
configure:3505: result: yes
configure:3646: checking for an ANSI C-conforming const
configure:3713: gcc -c -g -O2  conftest.c >&5
configure:3719: $? = 0
configure:3722: test -z 			 || test ! -s conftest.err
configure:3725: $? = 0
configure:3728: test -s conftest.o
configure:3731: $? = 0
configure:3742: result: yes
configure:3753: checking for size_t
configure:3777: gcc -c -g -O2  conftest.c >&5
configure:3783: $? = 0
configure:3786: test -z 			 || test ! -s conftest.err
configure:3789: $? = 0
configure:3792: test -s conftest.o
configure:3795: $? = 0
configure:3806: result: yes
configure:3822: checking for working alloca.h
configure:3843: gcc -o conftest -g -O2   conftest.c  >&5
configure:3849: $? = 0
configure:3852: test -z 			 || test ! -s conftest.err
configure:3855: $? = 0
configure:3858: test -s conftest
configure:3861: $? = 0
configure:3873: result: yes
configure:3883: checking for alloca
configure:3924: gcc -o conftest -g -O2   conftest.c  >&5
configure:3930: $? = 0
configure:3933: test -z 			 || test ! -s conftest.err
configure:3936: $? = 0
configure:3939: test -s conftest
configure:3942: $? = 0
configure:3954: result: yes
configure:4182: checking for stdlib.h
configure:4187: result: yes
configure:4182: checking for unistd.h
configure:4187: result: yes
configure:4330: checking for getpagesize
configure:4387: gcc -o conftest -g -O2   conftest.c  >&5
configure:4393: $? = 0
configure:4396: test -z 			 || test ! -s conftest.err
configure:4399: $? = 0
configure:4402: test -s conftest
configure:4405: $? = 0
configure:4417: result: yes
configure:4427: checking for working mmap
configure:4569: gcc -o conftest -g -O2   conftest.c  >&5
configure:4572: $? = 0
configure:4574: ./conftest
configure:4577: $? = 0
configure:4591: result: yes
configure:4602: checking for struct stat.st_blocks
configure:4625: gcc -c -g -O2  conftest.c >&5
configure:4631: $? = 0
configure:4634: test -z 			 || test ! -s conftest.err
configure:4637: $? = 0
configure:4640: test -s conftest.o
configure:4643: $? = 0
configure:4699: result: yes
configure:4739: checking for __argz_count
configure:4796: gcc -o conftest -g -O2   conftest.c  >&5
configure:4802: $? = 0
configure:4805: test -z 			 || test ! -s conftest.err
configure:4808: $? = 0
configure:4811: test -s conftest
configure:4814: $? = 0
configure:4826: result: yes
configure:4739: checking for __argz_next
configure:4796: gcc -o conftest -g -O2   conftest.c  >&5
configure:4802: $? = 0
configure:4805: test -z 			 || test ! -s conftest.err
configure:4808: $? = 0
configure:4811: test -s conftest
configure:4814: $? = 0
configure:4826: result: yes
configure:4739: checking for __argz_stringify
configure:4796: gcc -o conftest -g -O2   conftest.c  >&5
configure:4802: $? = 0
configure:4805: test -z 			 || test ! -s conftest.err
configure:4808: $? = 0
configure:4811: test -s conftest
configure:4814: $? = 0
configure:4826: result: yes
configure:4739: checking for getcwd
configure:4796: gcc -o conftest -g -O2   conftest.c  >&5
configure:4802: $? = 0
configure:4805: test -z 			 || test ! -s conftest.err
configure:4808: $? = 0
configure:4811: test -s conftest
configure:4814: $? = 0
configure:4826: result: yes
configure:4739: checking for memcpy
configure:4796: gcc -o conftest -g -O2   conftest.c  >&5
conftest.c:76: warning: conflicting types for built-in function 'memcpy'
configure:4802: $? = 0
configure:4805: test -z 			 || test ! -s conftest.err
configure:4808: $? = 0
configure:4811: test -s conftest
configure:4814: $? = 0
configure:4826: result: yes
configure:4739: checking for strcasecmp
configure:4796: gcc -o conftest -g -O2   conftest.c  >&5
conftest.c:77: warning: conflicting types for built-in function 'strcasecmp'
configure:4802: $? = 0
configure:4805: test -z 			 || test ! -s conftest.err
configure:4808: $? = 0
configure:4811: test -s conftest
configure:4814: $? = 0
configure:4826: result: yes
configure:4739: checking for strchr
configure:4796: gcc -o conftest -g -O2   conftest.c  >&5
conftest.c:78: warning: conflicting types for built-in function 'strchr'
configure:4802: $? = 0
configure:4805: test -z 			 || test ! -s conftest.err
configure:4808: $? = 0
configure:4811: test -s conftest
configure:4814: $? = 0
configure:4826: result: yes
configure:4739: checking for strdup
configure:4796: gcc -o conftest -g -O2   conftest.c  >&5
conftest.c:79: warning: conflicting types for built-in function 'strdup'
configure:4802: $? = 0
configure:4805: test -z 			 || test ! -s conftest.err
configure:4808: $? = 0
configure:4811: test -s conftest
configure:4814: $? = 0
configure:4826: result: yes
configure:4739: checking for strcpy
configure:4796: gcc -o conftest -g -O2   conftest.c  >&5
conftest.c:80: warning: conflicting types for built-in function 'strcpy'
configure:4802: $? = 0
configure:4805: test -z 			 || test ! -s conftest.err
configure:4808: $? = 0
configure:4811: test -s conftest
configure:4814: $? = 0
configure:4826: result: yes
configure:4739: checking for strncpy
configure:4796: gcc -o conftest -g -O2   conftest.c  >&5
conftest.c:81: warning: conflicting types for built-in function 'strncpy'
configure:4802: $? = 0
configure:4805: test -z 			 || test ! -s conftest.err
configure:4808: $? = 0
configure:4811: test -s conftest
configure:4814: $? = 0
configure:4826: result: yes
configure:4739: checking for strstr
configure:4796: gcc -o conftest -g -O2   conftest.c  >&5
conftest.c:82: warning: conflicting types for built-in function 'strstr'
configure:4802: $? = 0
configure:4805: test -z 			 || test ! -s conftest.err
configure:4808: $? = 0
configure:4811: test -s conftest
configure:4814: $? = 0
configure:4826: result: yes
configure:4844: checking for pkg-config
configure:4862: found /usr/bin/pkg-config
configure:4875: result: /usr/bin/pkg-config
configure:4892: checking for gtk+-2.0 >= 2.2.0
configure:4896: result: yes
configure:4900: checking GTK_CFLAGS
configure:4903: result: -I/usr/include/gtk-2.0 -I/usr/lib/gtk-2.0/include -I/usr/include/atk-1.0 -I/usr/include/cairo -I/usr/include/pango-1.0 -I/usr/include/glib-2.0 -I/usr/lib/glib-2.0/include -I/usr/include/freetype2 -I/usr/include/libpng12  
configure:4906: checking GTK_LIBS
configure:4909: result: -lgtk-x11-2.0 -lgdk-x11-2.0 -latk-1.0 -lgdk_pixbuf-2.0 -lm -lpangocairo-1.0 -lfontconfig -lXext -lXrender -lXinerama -lXi -lXrandr -lXcursor -lXfixes -lpango-1.0 -lcairo -lX11 -lgobject-2.0 -lgmodule-2.0 -ldl -lglib-2.0  
configure:5067: creating ./config.status

## ---------------------- ##
## Running config.status. ##
## ---------------------- ##

This file was extended by imgcompress config.status 0.0.1, which was
generated by GNU Autoconf 2.59.  Invocation command line was

  CONFIG_FILES    = 
  CONFIG_HEADERS  = 
  CONFIG_LINKS    = 
  CONFIG_COMMANDS = 
  $ ./config.status 

on cocoduo

config.status:714: creating Makefile
config.status:714: creating doc/Makefile
config.status:714: creating src/Makefile
config.status:780: creating src/config.h
config.status:1138: executing default-1 commands

## ---------------- ##
## Cache variables. ##
## ---------------- ##

ac_cv_c_bigendian=no
ac_cv_c_compiler_gnu=yes
ac_cv_c_const=yes
ac_cv_env_CC_set=
ac_cv_env_CC_value=
ac_cv_env_CFLAGS_set=
ac_cv_env_CFLAGS_value=
ac_cv_env_CPPFLAGS_set=
ac_cv_env_CPPFLAGS_value=
ac_cv_env_CPP_set=
ac_cv_env_CPP_value=
ac_cv_env_LDFLAGS_set=
ac_cv_env_LDFLAGS_value=
ac_cv_env_build_alias_set=
ac_cv_env_build_alias_value=
ac_cv_env_host_alias_set=
ac_cv_env_host_alias_value=
ac_cv_env_target_alias_set=
ac_cv_env_target_alias_value=
ac_cv_exeext=
ac_cv_func___argz_count=yes
ac_cv_func___argz_next=yes
ac_cv_func___argz_stringify=yes
ac_cv_func_alloca_works=yes
ac_cv_func_getcwd=yes
ac_cv_func_getpagesize=yes
ac_cv_func_memcpy=yes
ac_cv_func_mmap_fixed_mapped=yes
ac_cv_func_strcasecmp=yes
ac_cv_func_strchr=yes
ac_cv_func_strcpy=yes
ac_cv_func_strdup=yes
ac_cv_func_strncpy=yes
ac_cv_func_strstr=yes
ac_cv_header_alloca_h=yes
ac_cv_header_argz_h=yes
ac_cv_header_errno_h=yes
ac_cv_header_fcntl_h=yes
ac_cv_header_getopt_h=yes
ac_cv_header_inttypes_h=yes
ac_cv_header_libintl_h=yes
ac_cv_header_limits_h=yes
ac_cv_header_locale_h=yes
ac_cv_header_malloc_h=yes
ac_cv_header_math_h=yes
ac_cv_header_memory_h=yes
ac_cv_header_nl_types_h=yes
ac_cv_header_pwd_h=yes
ac_cv_header_stdarg_h=yes
ac_cv_header_stdc=yes
ac_cv_header_stddef_h=yes
ac_cv_header_stdint_h=yes
ac_cv_header_stdlib_h=yes
ac_cv_header_string_h=yes
ac_cv_header_strings_h=yes
ac_cv_header_sys_param_h=yes
ac_cv_header_sys_stat_h=yes
ac_cv_header_sys_types_h=yes
ac_cv_header_unistd_h=yes
ac_cv_member_struct_stat_st_blocks=yes
ac_cv_objext=o
ac_cv_path_PKG_CONFIG=/usr/bin/pkg-config
ac_cv_path_install='/usr/bin/install -c'
ac_cv_prog_CPP='gcc -E'
ac_cv_prog_ac_ct_CC=gcc
ac_cv_prog_cc_g=yes
ac_cv_prog_cc_stdc=
ac_cv_prog_egrep='grep -E'
ac_cv_prog_make_make_set=yes
ac_cv_type_size_t=yes
ac_cv_working_alloca_h=yes
am_cv_prog_cc_stdc=

## ----------------- ##
## Output variables. ##
## ----------------- ##

ACLOCAL='/home/djdeath/src/projet_c/missing aclocal-1.4'
ALLOCA=''
AUTOCONF='/home/djdeath/src/projet_c/missing autoconf'
AUTOHEADER='/home/djdeath/src/projet_c/missing autoheader'
AUTOMAKE='/home/djdeath/src/projet_c/missing automake-1.4'
CC='gcc'
CFLAGS='-Wall -ansi'
CPP='gcc -E'
CPPFLAGS=''
DEFS='-DHAVE_CONFIG_H'
ECHO_C=''
ECHO_N='-n'
ECHO_T=''
EGREP='grep -E'
EXEEXT=''
GTK_CFLAGS='-I/usr/include/gtk-2.0 -I/usr/lib/gtk-2.0/include -I/usr/include/atk-1.0 -I/usr/include/cairo -I/usr/include/pango-1.0 -I/usr/include/glib-2.0 -I/usr/lib/glib-2.0/include -I/usr/include/freetype2 -I/usr/include/libpng12  '
GTK_LIBS='-lgtk-x11-2.0 -lgdk-x11-2.0 -latk-1.0 -lgdk_pixbuf-2.0 -lm -lpangocairo-1.0 -lfontconfig -lXext -lXrender -lXinerama -lXi -lXrandr -lXcursor -lXfixes -lpango-1.0 -lcairo -lX11 -lgobject-2.0 -lgmodule-2.0 -ldl -lglib-2.0  '
INSTALL_DATA='${INSTALL} -m 644'
INSTALL_PROGRAM='${INSTALL}'
INSTALL_SCRIPT='${INSTALL}'
LDFLAGS=''
LIBOBJS=''
LIBS=''
LTLIBOBJS=''
MAKEINFO='makeinfo'
OBJEXT='o'
PACKAGE='dist-bzip2'
PACKAGE_BUGREPORT=''
PACKAGE_NAME='imgcompress'
PACKAGE_STRING='imgcompress 0.0.1'
PACKAGE_TARNAME='imgcompress'
PACKAGE_VERSION='0.0.1'
PATH_SEPARATOR=':'
PKG_CONFIG='/usr/bin/pkg-config'
SET_MAKE=''
SHELL='/bin/sh'
VERSION=''
ac_ct_CC='gcc'
bindir='${exec_prefix}/bin'
build_alias=''
datadir='${prefix}/share'
exec_prefix='${prefix}'
host_alias=''
includedir='${prefix}/include'
infodir='${prefix}/info'
libdir='${exec_prefix}/lib'
libexecdir='${exec_prefix}/libexec'
localstatedir='${prefix}/var'
mandir='${prefix}/man'
oldincludedir='/usr/include'
prefix='/usr/local'
program_transform_name='s,x,x,'
sbindir='${exec_prefix}/sbin'
sharedstatedir='${prefix}/com'
sysconfdir='${prefix}/etc'
target_alias=''

## ----------- ##
## confdefs.h. ##
## ----------- ##

#define ENDIAN_LITTLE 1
#define HAVE_ALLOCA 1
#define HAVE_ALLOCA_H 1
#define HAVE_ALLOCA_H 1
#define HAVE_ARGZ_H 1
#define HAVE_ERRNO_H 1
#define HAVE_FCNTL_H 1
#define HAVE_GETCWD 1
#define HAVE_GETOPT_H 1
#define HAVE_GETPAGESIZE 1
#define HAVE_INTTYPES_H 1
#define HAVE_LIBINTL_H 1
#define HAVE_LIMITS_H 1
#define HAVE_LOCALE_H 1
#define HAVE_MALLOC_H 1
#define HAVE_MATH_H 1
#define HAVE_MEMCPY 1
#define HAVE_MEMORY_H 1
#define HAVE_MMAP 1
#define HAVE_NL_TYPES_H 1
#define HAVE_PWD_H 1
#define HAVE_STDARG_H 1
#define HAVE_STDDEF_H 1
#define HAVE_STDINT_H 1
#define HAVE_STDLIB_H 1
#define HAVE_STDLIB_H 1
#define HAVE_STRCASECMP 1
#define HAVE_STRCHR 1
#define HAVE_STRCPY 1
#define HAVE_STRDUP 1
#define HAVE_STRINGS_H 1
#define HAVE_STRING_H 1
#define HAVE_STRNCPY 1
#define HAVE_STRSTR 1
#define HAVE_STRUCT_STAT_ST_BLOCKS 1
#define HAVE_ST_BLOCKS 1
#define HAVE_SYS_PARAM_H 1
#define HAVE_SYS_STAT_H 1
#define HAVE_SYS_STAT_H 1
#define HAVE_SYS_TYPES_H 1
#define HAVE_SYS_TYPES_H 1
#define HAVE_UNISTD_H 1
#define HAVE_UNISTD_H 1
#define HAVE_UNISTD_H 1
#define HAVE___ARGZ_COUNT 1
#define HAVE___ARGZ_NEXT 1
#define HAVE___ARGZ_STRINGIFY 1
#define PACKAGE "dist-bzip2"
#define PACKAGE_BUGREPORT ""
#define PACKAGE_NAME "imgcompress"
#define PACKAGE_STRING "imgcompress 0.0.1"
#define PACKAGE_TARNAME "imgcompress"
#define PACKAGE_VERSION "0.0.1"
#define STDC_HEADERS 1
#define VERSION ""

configure: exit 0
