This file contains any messages produced by compilers while
running configure, to aid debugging if configure makes a mistake.

It was created by hpress configure 0.0.1, which was
generated by GNU Autoconf 2.61.  Invocation command line was

  $ ./configure 

## --------- ##
## Platform. ##
## --------- ##

hostname = cocoduo
uname -m = i686
uname -r = 2.6.26-1-686
uname -s = Linux
uname -v = #1 SMP Thu Oct 9 15:18:09 UTC 2008

/usr/bin/uname -p = unknown
/bin/uname -X     = unknown

/bin/arch              = unknown
/usr/bin/arch -k       = unknown
/usr/convex/getsysinfo = unknown
/usr/bin/hostinfo      = unknown
/bin/machine           = unknown
/usr/bin/oslevel       = unknown
/bin/universe          = unknown

PATH: /opt/STM/STLinux-2.3/devkit/sh4/bin
PATH: /home/djdeath/bin
PATH: /usr/local/bin
PATH: /usr/bin
PATH: /bin
PATH: /usr/games
PATH: /var/lib/gems/1.8/bin


## ----------- ##
## Core tests. ##
## ----------- ##

configure:1774: checking for a BSD-compatible install
configure:1830: result: /usr/bin/install -c
configure:1841: checking whether build environment is sane
configure:1884: result: yes
configure:1912: checking for a thread-safe mkdir -p
configure:1951: result: /bin/mkdir -p
configure:1964: checking for gawk
configure:1980: found /usr/bin/gawk
configure:1991: result: gawk
configure:2002: checking whether make sets $(MAKE)
configure:2023: result: yes
configure:2264: checking for gcc
configure:2280: found /usr/bin/gcc
configure:2291: result: gcc
configure:2529: checking for C compiler version
configure:2536: gcc --version >&5
gcc (Debian 4.3.2-1) 4.3.2
Copyright (C) 2008 Free Software Foundation, Inc.
This is free software; see the source for copying conditions.  There is NO
warranty; not even for MERCHANTABILITY or FITNESS FOR A PARTICULAR PURPOSE.

configure:2539: $? = 0
configure:2546: gcc -v >&5
Using built-in specs.
Target: i486-linux-gnu
Configured with: ../src/configure -v --with-pkgversion='Debian 4.3.2-1' --with-bugurl=file:///usr/share/doc/gcc-4.3/README.Bugs --enable-languages=c,c++,fortran,objc,obj-c++ --prefix=/usr --enable-shared --with-system-zlib --libexecdir=/usr/lib --without-included-gettext --enable-threads=posix --enable-nls --with-gxx-include-dir=/usr/include/c++/4.3 --program-suffix=-4.3 --enable-clocale=gnu --enable-libstdcxx-debug --enable-objc-gc --enable-mpfr --enable-targets=all --enable-cld --enable-checking=release --build=i486-linux-gnu --host=i486-linux-gnu --target=i486-linux-gnu
Thread model: posix
gcc version 4.3.2 (Debian 4.3.2-1) 
configure:2549: $? = 0
configure:2556: gcc -V >&5
gcc: '-V' option must have argument
configure:2559: $? = 1
configure:2582: checking for C compiler default output file name
configure:2609: gcc    conftest.c  >&5
configure:2612: $? = 0
configure:2650: result: a.out
configure:2667: checking whether the C compiler works
configure:2677: ./a.out
configure:2680: $? = 0
configure:2697: result: yes
configure:2704: checking whether we are cross compiling
configure:2706: result: no
configure:2709: checking for suffix of executables
configure:2716: gcc -o conftest    conftest.c  >&5
configure:2719: $? = 0
configure:2743: result: 
configure:2749: checking for suffix of object files
configure:2775: gcc -c   conftest.c >&5
configure:2778: $? = 0
configure:2801: result: o
configure:2805: checking whether we are using the GNU C compiler
configure:2834: gcc -c   conftest.c >&5
configure:2840: $? = 0
configure:2857: result: yes
configure:2862: checking whether gcc accepts -g
configure:2892: gcc -c -g  conftest.c >&5
configure:2898: $? = 0
configure:2997: result: yes
configure:3014: checking for gcc option to accept ISO C89
configure:3088: gcc  -c -g -O2  conftest.c >&5
configure:3094: $? = 0
configure:3117: result: none needed
configure:3146: checking for style of include used by make
configure:3174: result: GNU
configure:3199: checking dependency style of gcc
configure:3290: result: gcc3
configure:3353: checking for gcc
configure:3380: result: gcc
configure:3618: checking for C compiler version
configure:3625: gcc --version >&5
gcc (Debian 4.3.2-1) 4.3.2
Copyright (C) 2008 Free Software Foundation, Inc.
This is free software; see the source for copying conditions.  There is NO
warranty; not even for MERCHANTABILITY or FITNESS FOR A PARTICULAR PURPOSE.

configure:3628: $? = 0
configure:3635: gcc -v >&5
Using built-in specs.
Target: i486-linux-gnu
Configured with: ../src/configure -v --with-pkgversion='Debian 4.3.2-1' --with-bugurl=file:///usr/share/doc/gcc-4.3/README.Bugs --enable-languages=c,c++,fortran,objc,obj-c++ --prefix=/usr --enable-shared --with-system-zlib --libexecdir=/usr/lib --without-included-gettext --enable-threads=posix --enable-nls --with-gxx-include-dir=/usr/include/c++/4.3 --program-suffix=-4.3 --enable-clocale=gnu --enable-libstdcxx-debug --enable-objc-gc --enable-mpfr --enable-targets=all --enable-cld --enable-checking=release --build=i486-linux-gnu --host=i486-linux-gnu --target=i486-linux-gnu
Thread model: posix
gcc version 4.3.2 (Debian 4.3.2-1) 
configure:3638: $? = 0
configure:3645: gcc -V >&5
gcc: '-V' option must have argument
configure:3648: $? = 1
configure:3651: checking whether we are using the GNU C compiler
configure:3703: result: yes
configure:3708: checking whether gcc accepts -g
configure:3843: result: yes
configure:3860: checking for gcc option to accept ISO C89
configure:3963: result: none needed
configure:3983: checking dependency style of gcc
configure:4074: result: gcc3
configure:4105: checking for a BSD-compatible install
configure:4161: result: /usr/bin/install -c
configure:4172: checking whether make sets $(MAKE)
configure:4193: result: yes
configure:4210: checking how to run the C preprocessor
configure:4250: gcc -E  conftest.c
configure:4256: $? = 0
configure:4287: gcc -E  conftest.c
conftest.c:10:28: error: ac_nonexistent.h: No such file or directory
configure:4293: $? = 1
configure: failed program was:
| /* confdefs.h.  */
| #define PACKAGE_NAME "hpress"
| #define PACKAGE_TARNAME "hpress"
| #define PACKAGE_VERSION "0.0.1"
| #define PACKAGE_STRING "hpress 0.0.1"
| #define PACKAGE_BUGREPORT ""
| #define PACKAGE "hpress"
| #define VERSION "0.0.1"
| /* end confdefs.h.  */
| #include <ac_nonexistent.h>
configure:4326: result: gcc -E
configure:4355: gcc -E  conftest.c
configure:4361: $? = 0
configure:4392: gcc -E  conftest.c
conftest.c:10:28: error: ac_nonexistent.h: No such file or directory
configure:4398: $? = 1
configure: failed program was:
| /* confdefs.h.  */
| #define PACKAGE_NAME "hpress"
| #define PACKAGE_TARNAME "hpress"
| #define PACKAGE_VERSION "0.0.1"
| #define PACKAGE_STRING "hpress 0.0.1"
| #define PACKAGE_BUGREPORT ""
| #define PACKAGE "hpress"
| #define VERSION "0.0.1"
| /* end confdefs.h.  */
| #include <ac_nonexistent.h>
configure:4436: checking for grep that handles long lines and -e
configure:4510: result: /bin/grep
configure:4515: checking for egrep
configure:4593: result: /bin/grep -E
configure:4598: checking for ANSI C header files
configure:4628: gcc -c -g -O2  conftest.c >&5
configure:4634: $? = 0
configure:4733: gcc -o conftest -g -O2   conftest.c  >&5
configure:4736: $? = 0
configure:4742: ./conftest
configure:4745: $? = 0
configure:4762: result: yes
configure:4786: checking for sys/types.h
configure:4807: gcc -c -g -O2  conftest.c >&5
configure:4813: $? = 0
configure:4829: result: yes
configure:4786: checking for sys/stat.h
configure:4807: gcc -c -g -O2  conftest.c >&5
configure:4813: $? = 0
configure:4829: result: yes
configure:4786: checking for stdlib.h
configure:4807: gcc -c -g -O2  conftest.c >&5
configure:4813: $? = 0
configure:4829: result: yes
configure:4786: checking for string.h
configure:4807: gcc -c -g -O2  conftest.c >&5
configure:4813: $? = 0
configure:4829: result: yes
configure:4786: checking for memory.h
configure:4807: gcc -c -g -O2  conftest.c >&5
configure:4813: $? = 0
configure:4829: result: yes
configure:4786: checking for strings.h
configure:4807: gcc -c -g -O2  conftest.c >&5
configure:4813: $? = 0
configure:4829: result: yes
configure:4786: checking for inttypes.h
configure:4807: gcc -c -g -O2  conftest.c >&5
configure:4813: $? = 0
configure:4829: result: yes
configure:4786: checking for stdint.h
configure:4807: gcc -c -g -O2  conftest.c >&5
configure:4813: $? = 0
configure:4829: result: yes
configure:4786: checking for unistd.h
configure:4807: gcc -c -g -O2  conftest.c >&5
configure:4813: $? = 0
configure:4829: result: yes
configure:4864: checking argz.h usability
configure:4881: gcc -c -g -O2  conftest.c >&5
configure:4887: $? = 0
configure:4901: result: yes
configure:4905: checking argz.h presence
configure:4920: gcc -E  conftest.c
configure:4926: $? = 0
configure:4940: result: yes
configure:4968: checking for argz.h
configure:4976: result: yes
configure:4864: checking ctype.h usability
configure:4881: gcc -c -g -O2  conftest.c >&5
configure:4887: $? = 0
configure:4901: result: yes
configure:4905: checking ctype.h presence
configure:4920: gcc -E  conftest.c
configure:4926: $? = 0
configure:4940: result: yes
configure:4968: checking for ctype.h
configure:4976: result: yes
configure:4864: checking errno.h usability
configure:4881: gcc -c -g -O2  conftest.c >&5
configure:4887: $? = 0
configure:4901: result: yes
configure:4905: checking errno.h presence
configure:4920: gcc -E  conftest.c
configure:4926: $? = 0
configure:4940: result: yes
configure:4968: checking for errno.h
configure:4976: result: yes
configure:4864: checking limits.h usability
configure:4881: gcc -c -g -O2  conftest.c >&5
configure:4887: $? = 0
configure:4901: result: yes
configure:4905: checking limits.h presence
configure:4920: gcc -E  conftest.c
configure:4926: $? = 0
configure:4940: result: yes
configure:4968: checking for limits.h
configure:4976: result: yes
configure:4864: checking locale.h usability
configure:4881: gcc -c -g -O2  conftest.c >&5
configure:4887: $? = 0
configure:4901: result: yes
configure:4905: checking locale.h presence
configure:4920: gcc -E  conftest.c
configure:4926: $? = 0
configure:4940: result: yes
configure:4968: checking for locale.h
configure:4976: result: yes
configure:4864: checking malloc.h usability
configure:4881: gcc -c -g -O2  conftest.c >&5
configure:4887: $? = 0
configure:4901: result: yes
configure:4905: checking malloc.h presence
configure:4920: gcc -E  conftest.c
configure:4926: $? = 0
configure:4940: result: yes
configure:4968: checking for malloc.h
configure:4976: result: yes
configure:4864: checking stdarg.h usability
configure:4881: gcc -c -g -O2  conftest.c >&5
configure:4887: $? = 0
configure:4901: result: yes
configure:4905: checking stdarg.h presence
configure:4920: gcc -E  conftest.c
configure:4926: $? = 0
configure:4940: result: yes
configure:4968: checking for stdarg.h
configure:4976: result: yes
configure:4864: checking stddef.h usability
configure:4881: gcc -c -g -O2  conftest.c >&5
configure:4887: $? = 0
configure:4901: result: yes
configure:4905: checking stddef.h presence
configure:4920: gcc -E  conftest.c
configure:4926: $? = 0
configure:4940: result: yes
configure:4968: checking for stddef.h
configure:4976: result: yes
configure:4991: checking for an ANSI C-conforming const
configure:5066: gcc -c -g -O2  conftest.c >&5
configure:5072: $? = 0
configure:5087: result: yes
configure:5097: checking for size_t
configure:5127: gcc -c -g -O2  conftest.c >&5
configure:5133: $? = 0
configure:5148: result: yes
configure:5170: checking for getopt
configure:5226: gcc -o conftest -g -O2   conftest.c  >&5
configure:5232: $? = 0
configure:5250: result: yes
configure:5170: checking for memcpy
configure:5226: gcc -o conftest -g -O2   conftest.c  >&5
conftest.c:52: warning: conflicting types for built-in function 'memcpy'
configure:5232: $? = 0
configure:5250: result: yes
configure:5170: checking for memcmp
configure:5226: gcc -o conftest -g -O2   conftest.c  >&5
conftest.c:53: warning: conflicting types for built-in function 'memcmp'
configure:5232: $? = 0
configure:5250: result: yes
configure:5170: checking for strcpy
configure:5226: gcc -o conftest -g -O2   conftest.c  >&5
conftest.c:54: warning: conflicting types for built-in function 'strcpy'
configure:5232: $? = 0
configure:5250: result: yes
configure:5170: checking for strstr
configure:5226: gcc -o conftest -g -O2   conftest.c  >&5
conftest.c:55: warning: conflicting types for built-in function 'strstr'
configure:5232: $? = 0
configure:5250: result: yes
configure:5411: creating ./config.status

## ---------------------- ##
## Running config.status. ##
## ---------------------- ##

This file was extended by hpress config.status 0.0.1, which was
generated by GNU Autoconf 2.61.  Invocation command line was

  CONFIG_FILES    = 
  CONFIG_HEADERS  = 
  CONFIG_LINKS    = 
  CONFIG_COMMANDS = 
  $ ./config.status 

on cocoduo

config.status:636: creating Makefile
config.status:636: creating src/Makefile
config.status:636: creating src/config.h
config.status:875: src/config.h is unchanged
config.status:922: executing depfiles commands

## ---------------- ##
## Cache variables. ##
## ---------------- ##

ac_cv_c_compiler_gnu=yes
ac_cv_c_const=yes
ac_cv_env_CC_set=
ac_cv_env_CC_value=
ac_cv_env_CFLAGS_set=
ac_cv_env_CFLAGS_value=
ac_cv_env_CPPFLAGS_set=
ac_cv_env_CPPFLAGS_value=
ac_cv_env_CPP_set=
ac_cv_env_CPP_value=
ac_cv_env_LDFLAGS_set=
ac_cv_env_LDFLAGS_value=
ac_cv_env_LIBS_set=
ac_cv_env_LIBS_value=
ac_cv_env_build_alias_set=
ac_cv_env_build_alias_value=
ac_cv_env_host_alias_set=
ac_cv_env_host_alias_value=
ac_cv_env_target_alias_set=
ac_cv_env_target_alias_value=
ac_cv_func_getopt=yes
ac_cv_func_memcmp=yes
ac_cv_func_memcpy=yes
ac_cv_func_strcpy=yes
ac_cv_func_strstr=yes
ac_cv_header_argz_h=yes
ac_cv_header_ctype_h=yes
ac_cv_header_errno_h=yes
ac_cv_header_inttypes_h=yes
ac_cv_header_limits_h=yes
ac_cv_header_locale_h=yes
ac_cv_header_malloc_h=yes
ac_cv_header_memory_h=yes
ac_cv_header_stdarg_h=yes
ac_cv_header_stdc=yes
ac_cv_header_stddef_h=yes
ac_cv_header_stdint_h=yes
ac_cv_header_stdlib_h=yes
ac_cv_header_string_h=yes
ac_cv_header_strings_h=yes
ac_cv_header_sys_stat_h=yes
ac_cv_header_sys_types_h=yes
ac_cv_header_unistd_h=yes
ac_cv_objext=o
ac_cv_path_EGREP='/bin/grep -E'
ac_cv_path_GREP=/bin/grep
ac_cv_path_install='/usr/bin/install -c'
ac_cv_path_mkdir=/bin/mkdir
ac_cv_prog_AWK=gawk
ac_cv_prog_CPP='gcc -E'
ac_cv_prog_ac_ct_CC=gcc
ac_cv_prog_cc_c89=
ac_cv_prog_cc_g=yes
ac_cv_prog_make_make_set=yes
ac_cv_type_size_t=yes
am_cv_CC_dependencies_compiler_type=gcc3
am_cv_prog_cc_stdc=

## ----------------- ##
## Output variables. ##
## ----------------- ##

ACLOCAL='${SHELL} /home/djdeath/src/projet_huffman/missing --run aclocal-1.10'
AMDEPBACKSLASH='\'
AMDEP_FALSE='#'
AMDEP_TRUE=''
AMTAR='${SHELL} /home/djdeath/src/projet_huffman/missing --run tar'
AUTOCONF='${SHELL} /home/djdeath/src/projet_huffman/missing --run autoconf'
AUTOHEADER='${SHELL} /home/djdeath/src/projet_huffman/missing --run autoheader'
AUTOMAKE='${SHELL} /home/djdeath/src/projet_huffman/missing --run automake-1.10'
AWK='gawk'
CC='gcc'
CCDEPMODE='depmode=gcc3'
CFLAGS='-Wall -ansi'
CPP='gcc -E'
CPPFLAGS=''
CYGPATH_W='echo'
DEFS='-DHAVE_CONFIG_H'
DEPDIR='.deps'
ECHO_C=''
ECHO_N='-n'
ECHO_T=''
EGREP='/bin/grep -E'
EXEEXT=''
GREP='/bin/grep'
INSTALL_DATA='${INSTALL} -m 644'
INSTALL_PROGRAM='${INSTALL}'
INSTALL_SCRIPT='${INSTALL}'
INSTALL_STRIP_PROGRAM='$(install_sh) -c -s'
LDFLAGS=''
LIBOBJS=''
LIBS=''
LTLIBOBJS=''
MAKEINFO='${SHELL} /home/djdeath/src/projet_huffman/missing --run makeinfo'
OBJEXT='o'
PACKAGE='hpress'
PACKAGE_BUGREPORT=''
PACKAGE_NAME='hpress'
PACKAGE_STRING='hpress 0.0.1'
PACKAGE_TARNAME='hpress'
PACKAGE_VERSION='0.0.1'
PATH_SEPARATOR=':'
SET_MAKE=''
SHELL='/bin/sh'
STRIP=''
VERSION='0.0.1'
ac_ct_CC='gcc'
am__fastdepCC_FALSE='#'
am__fastdepCC_TRUE=''
am__include='include'
am__isrc=''
am__leading_dot='.'
am__quote=''
am__tar='${AMTAR} chof - "$$tardir"'
am__untar='${AMTAR} xf -'
bindir='${exec_prefix}/bin'
build_alias=''
datadir='${datarootdir}'
datarootdir='${prefix}/share'
docdir='${datarootdir}/doc/${PACKAGE_TARNAME}'
dvidir='${docdir}'
exec_prefix='${prefix}'
host_alias=''
htmldir='${docdir}'
includedir='${prefix}/include'
infodir='${datarootdir}/info'
install_sh='$(SHELL) /home/djdeath/src/projet_huffman/install-sh'
libdir='${exec_prefix}/lib'
libexecdir='${exec_prefix}/libexec'
localedir='${datarootdir}/locale'
localstatedir='${prefix}/var'
mandir='${datarootdir}/man'
mkdir_p='/bin/mkdir -p'
oldincludedir='/usr/include'
pdfdir='${docdir}'
prefix='/usr/local'
program_transform_name='s,x,x,'
psdir='${docdir}'
sbindir='${exec_prefix}/sbin'
sharedstatedir='${prefix}/com'
sysconfdir='${prefix}/etc'
target_alias=''

## ----------- ##
## confdefs.h. ##
## ----------- ##

#define PACKAGE_NAME "hpress"
#define PACKAGE_TARNAME "hpress"
#define PACKAGE_VERSION "0.0.1"
#define PACKAGE_STRING "hpress 0.0.1"
#define PACKAGE_BUGREPORT ""
#define PACKAGE "hpress"
#define VERSION "0.0.1"
#define STDC_HEADERS 1
#define HAVE_SYS_TYPES_H 1
#define HAVE_SYS_STAT_H 1
#define HAVE_STDLIB_H 1
#define HAVE_STRING_H 1
#define HAVE_MEMORY_H 1
#define HAVE_STRINGS_H 1
#define HAVE_INTTYPES_H 1
#define HAVE_STDINT_H 1
#define HAVE_UNISTD_H 1
#define HAVE_ARGZ_H 1
#define HAVE_CTYPE_H 1
#define HAVE_ERRNO_H 1
#define HAVE_LIMITS_H 1
#define HAVE_LOCALE_H 1
#define HAVE_MALLOC_H 1
#define HAVE_STDARG_H 1
#define HAVE_STDDEF_H 1
#define HAVE_GETOPT 1
#define HAVE_MEMCPY 1
#define HAVE_MEMCMP 1
#define HAVE_STRCPY 1
#define HAVE_STRSTR 1

configure: exit 0

## ---------------------- ##
## Running config.status. ##
## ---------------------- ##

This file was extended by hpress config.status 0.0.1, which was
generated by GNU Autoconf 2.61.  Invocation command line was

  CONFIG_FILES    = 
  CONFIG_HEADERS  = 
  CONFIG_LINKS    = 
  CONFIG_COMMANDS = 
  $ ./config.status src/Makefile depfiles

on cocoduo

config.status:636: creating src/Makefile
config.status:922: executing depfiles commands

## ---------------------- ##
## Running config.status. ##
## ---------------------- ##

This file was extended by hpress config.status 0.0.1, which was
generated by GNU Autoconf 2.61.  Invocation command line was

  CONFIG_FILES    = 
  CONFIG_HEADERS  = 
  CONFIG_LINKS    = 
  CONFIG_COMMANDS = 
  $ ./config.status src/config.h

on cocoduo

config.status:636: creating src/config.h
